TN:
SF:/usr/include/c++/11/bits/hashtable_policy.h
FN:93,_ZNKSt8__detail10_Select1stclIRKSt4pairIKNSt7__cxx1112basic_stringIcSt11char_traitsIcESaIcEEES8_EEEDTcl3getILi0EEcl7forwardIT_Efp_EEEOSD_
FNDA:222,_ZNKSt8__detail10_Select1stclIRKSt4pairIKNSt7__cxx1112basic_stringIcSt11char_traitsIcESaIcEEES8_EEEDTcl3getILi0EEcl7forwardIT_Efp_EEEOSD_
FN:219,_ZNSt8__detail15_Hash_node_baseC2Ev
FNDA:0,_ZNSt8__detail15_Hash_node_baseC2Ev
FN:237,_ZNSt8__detail21_Hash_node_value_baseISt4pairIKNSt7__cxx1112basic_stringIcSt11char_traitsIcESaIcEEES7_EE9_M_valptrEv
FNDA:210,_ZNSt8__detail21_Hash_node_value_baseISt4pairIKNSt7__cxx1112basic_stringIcSt11char_traitsIcESaIcEEES7_EE9_M_valptrEv
FN:241,_ZNKSt8__detail21_Hash_node_value_baseISt4pairIKNSt7__cxx1112basic_stringIcSt11char_traitsIcESaIcEEES7_EE9_M_valptrEv
FNDA:222,_ZNKSt8__detail21_Hash_node_value_baseISt4pairIKNSt7__cxx1112basic_stringIcSt11char_traitsIcESaIcEEES7_EE9_M_valptrEv
FN:245,_ZNSt8__detail21_Hash_node_value_baseISt4pairIKNSt7__cxx1112basic_stringIcSt11char_traitsIcESaIcEEES7_EE4_M_vEv
FNDA:100,_ZNSt8__detail21_Hash_node_value_baseISt4pairIKNSt7__cxx1112basic_stringIcSt11char_traitsIcESaIcEEES7_EE4_M_vEv
FN:249,_ZNKSt8__detail21_Hash_node_value_baseISt4pairIKNSt7__cxx1112basic_stringIcSt11char_traitsIcESaIcEEES7_EE4_M_vEv
FNDA:222,_ZNKSt8__detail21_Hash_node_value_baseISt4pairIKNSt7__cxx1112basic_stringIcSt11char_traitsIcESaIcEEES7_EE4_M_vEv
FN:282,_ZNKSt8__detail10_Hash_nodeISt4pairIKNSt7__cxx1112basic_stringIcSt11char_traitsIcESaIcEEES7_ELb1EE7_M_nextEv
FNDA:24,_ZNKSt8__detail10_Hash_nodeISt4pairIKNSt7__cxx1112basic_stringIcSt11char_traitsIcESaIcEEES7_ELb1EE7_M_nextEv
FN:295,_ZNSt8__detail19_Node_iterator_baseISt4pairIKNSt7__cxx1112basic_stringIcSt11char_traitsIcESaIcEEES7_ELb1EEC2EPNS_10_Hash_nodeIS9_Lb1EEE
FNDA:268,_ZNSt8__detail19_Node_iterator_baseISt4pairIKNSt7__cxx1112basic_stringIcSt11char_traitsIcESaIcEEES7_ELb1EEC2EPNS_10_Hash_nodeIS9_Lb1EEE
FN:309,_ZNSt8__detailneERKNS_19_Node_iterator_baseISt4pairIKNSt7__cxx1112basic_stringIcSt11char_traitsIcESaIcEEES7_ELb1EEESC_
FNDA:126,_ZNSt8__detailneERKNS_19_Node_iterator_baseISt4pairIKNSt7__cxx1112basic_stringIcSt11char_traitsIcESaIcEEES7_ELb1EEESC_
FN:338,_ZNSt8__detail14_Node_iteratorISt4pairIKNSt7__cxx1112basic_stringIcSt11char_traitsIcESaIcEEES7_ELb0ELb1EEC2EPNS_10_Hash_nodeIS9_Lb1EEE
FNDA:268,_ZNSt8__detail14_Node_iteratorISt4pairIKNSt7__cxx1112basic_stringIcSt11char_traitsIcESaIcEEES7_ELb0ELb1EEC2EPNS_10_Hash_nodeIS9_Lb1EEE
FN:346,_ZNKSt8__detail14_Node_iteratorISt4pairIKNSt7__cxx1112basic_stringIcSt11char_traitsIcESaIcEEES7_ELb0ELb1EEptEv
FNDA:78,_ZNKSt8__detail14_Node_iteratorISt4pairIKNSt7__cxx1112basic_stringIcSt11char_traitsIcESaIcEEES7_ELb0ELb1EEptEv
FN:428,_ZNKSt8__detail18_Mod_range_hashingclEmm
FNDA:0,_ZNKSt8__detail18_Mod_range_hashingclEmm
FN:446,_ZNSt8__detail20_Prime_rehash_policyC2Ef
FNDA:0,_ZNSt8__detail20_Prime_rehash_policyC2Ef
FN:473,_ZNKSt8__detail20_Prime_rehash_policy8_M_stateEv
FNDA:0,_ZNKSt8__detail20_Prime_rehash_policy8_M_stateEv
FN:481,_ZNSt8__detail20_Prime_rehash_policy8_M_resetEm
FNDA:0,_ZNSt8__detail20_Prime_rehash_policy8_M_resetEm
FN:696,_ZNSt8__detail9_Map_baseINSt7__cxx1112basic_stringIcSt11char_traitsIcESaIcEEESt4pairIKS6_S6_ESaIS9_ENS_10_Select1stESt8equal_toIS6_ESt4hashIS6_ENS_18_Mod_range_hashingENS_20_Default_ranged_hashENS_20_Prime_rehash_policyENS_17_Hashtable_traitsILb1ELb0ELb1EEELb1EEixERS8_
FNDA:116,_ZNSt8__detail9_Map_baseINSt7__cxx1112basic_stringIcSt11char_traitsIcESaIcEEESt4pairIKS6_S6_ESaIS9_ENS_10_Select1stESt8equal_toIS6_ESt4hashIS6_ENS_18_Mod_range_hashingENS_20_Default_ranged_hashENS_20_Prime_rehash_policyENS_17_Hashtable_traitsILb1ELb0ELb1EEELb1EEixERS8_
FN:1127,_ZNSt8__detail21_Hashtable_ebo_helperILi0ESaINS_10_Hash_nodeISt4pairIKNSt7__cxx1112basic_stringIcSt11char_traitsIcESaIcEEES8_ELb1EEEELb1EEC2Ev
FNDA:2,_ZNSt8__detail21_Hashtable_ebo_helperILi0ESaINS_10_Hash_nodeISt4pairIKNSt7__cxx1112basic_stringIcSt11char_traitsIcESaIcEEES8_ELb1EEEELb1EEC2Ev
FN:1127,_ZNSt8__detail21_Hashtable_ebo_helperILi1ESt4hashINSt7__cxx1112basic_stringIcSt11char_traitsIcESaIcEEEELb1EEC2Ev
FNDA:2,_ZNSt8__detail21_Hashtable_ebo_helperILi1ESt4hashINSt7__cxx1112basic_stringIcSt11char_traitsIcESaIcEEEELb1EEC2Ev
FN:1127,_ZNSt8__detail21_Hashtable_ebo_helperILi0ESt8equal_toINSt7__cxx1112basic_stringIcSt11char_traitsIcESaIcEEEELb1EEC2Ev
FNDA:2,_ZNSt8__detail21_Hashtable_ebo_helperILi0ESt8equal_toINSt7__cxx1112basic_stringIcSt11char_traitsIcESaIcEEEELb1EEC2Ev
FN:1134,_ZNKSt8__detail21_Hashtable_ebo_helperILi1ESt4hashINSt7__cxx1112basic_stringIcSt11char_traitsIcESaIcEEEELb1EE7_M_cgetEv
FNDA:0,_ZNKSt8__detail21_Hashtable_ebo_helperILi1ESt4hashINSt7__cxx1112basic_stringIcSt11char_traitsIcESaIcEEEELb1EE7_M_cgetEv
FN:1134,_ZNKSt8__detail21_Hashtable_ebo_helperILi0ESt8equal_toINSt7__cxx1112basic_stringIcSt11char_traitsIcESaIcEEEELb1EE7_M_cgetEv
FNDA:0,_ZNKSt8__detail21_Hashtable_ebo_helperILi0ESt8equal_toINSt7__cxx1112basic_stringIcSt11char_traitsIcESaIcEEEELb1EE7_M_cgetEv
FN:1135,_ZNSt8__detail21_Hashtable_ebo_helperILi0ESaINS_10_Hash_nodeISt4pairIKNSt7__cxx1112basic_stringIcSt11char_traitsIcESaIcEEES8_ELb1EEEELb1EE6_M_getEv
FNDA:68,_ZNSt8__detail21_Hashtable_ebo_helperILi0ESaINS_10_Hash_nodeISt4pairIKNSt7__cxx1112basic_stringIcSt11char_traitsIcESaIcEEES8_ELb1EEEELb1EE6_M_getEv
FN:1210,_ZNSt8__detail15_Hash_code_baseINSt7__cxx1112basic_stringIcSt11char_traitsIcESaIcEEESt4pairIKS6_S6_ENS_10_Select1stESt4hashIS6_ENS_18_Mod_range_hashingENS_20_Default_ranged_hashELb1EEC2Ev
FNDA:2,_ZNSt8__detail15_Hash_code_baseINSt7__cxx1112basic_stringIcSt11char_traitsIcESaIcEEESt4pairIKS6_S6_ENS_10_Select1stESt4hashIS6_ENS_18_Mod_range_hashingENS_20_Default_ranged_hashELb1EEC2Ev
FN:1215,_ZNKSt8__detail15_Hash_code_baseINSt7__cxx1112basic_stringIcSt11char_traitsIcESaIcEEESt4pairIKS6_S6_ENS_10_Select1stESt4hashIS6_ENS_18_Mod_range_hashingENS_20_Default_ranged_hashELb1EE12_M_hash_codeERS8_
FNDA:242,_ZNKSt8__detail15_Hash_code_baseINSt7__cxx1112basic_stringIcSt11char_traitsIcESaIcEEESt4pairIKS6_S6_ENS_10_Select1stESt4hashIS6_ENS_18_Mod_range_hashingENS_20_Default_ranged_hashELb1EE12_M_hash_codeERS8_
FN:1232,_ZNKSt8__detail15_Hash_code_baseINSt7__cxx1112basic_stringIcSt11char_traitsIcESaIcEEESt4pairIKS6_S6_ENS_10_Select1stESt4hashIS6_ENS_18_Mod_range_hashingENS_20_Default_ranged_hashELb1EE15_M_bucket_indexEmm
FNDA:244,_ZNKSt8__detail15_Hash_code_baseINSt7__cxx1112basic_stringIcSt11char_traitsIcESaIcEEESt4pairIKS6_S6_ENS_10_Select1stESt4hashIS6_ENS_18_Mod_range_hashingENS_20_Default_ranged_hashELb1EE15_M_bucket_indexEmm
FN:1247,_ZNKSt8__detail15_Hash_code_baseINSt7__cxx1112basic_stringIcSt11char_traitsIcESaIcEEESt4pairIKS6_S6_ENS_10_Select1stESt4hashIS6_ENS_18_Mod_range_hashingENS_20_Default_ranged_hashELb1EE15_M_bucket_indexERKNS_16_Hash_node_valueIS9_Lb1EEEm
FNDA:8,_ZNKSt8__detail15_Hash_code_baseINSt7__cxx1112basic_stringIcSt11char_traitsIcESaIcEEESt4pairIKS6_S6_ENS_10_Select1stESt4hashIS6_ENS_18_Mod_range_hashingENS_20_Default_ranged_hashELb1EE15_M_bucket_indexERKNS_16_Hash_node_valueIS9_Lb1EEEm
FN:1263,_ZNKSt8__detail15_Hash_code_baseINSt7__cxx1112basic_stringIcSt11char_traitsIcESaIcEEESt4pairIKS6_S6_ENS_10_Select1stESt4hashIS6_ENS_18_Mod_range_hashingENS_20_Default_ranged_hashELb1EE13_M_store_codeERNS_21_Hash_node_code_cacheILb1EEEm
FNDA:16,_ZNKSt8__detail15_Hash_code_baseINSt7__cxx1112basic_stringIcSt11char_traitsIcESaIcEEESt4pairIKS6_S6_ENS_10_Select1stESt4hashIS6_ENS_18_Mod_range_hashingENS_20_Default_ranged_hashELb1EE13_M_store_codeERNS_21_Hash_node_code_cacheILb1EEEm
FN:1276,_ZNKSt8__detail15_Hash_code_baseINSt7__cxx1112basic_stringIcSt11char_traitsIcESaIcEEESt4pairIKS6_S6_ENS_10_Select1stESt4hashIS6_ENS_18_Mod_range_hashingENS_20_Default_ranged_hashELb1EE7_M_hashEv
FNDA:242,_ZNKSt8__detail15_Hash_code_baseINSt7__cxx1112basic_stringIcSt11char_traitsIcESaIcEEESt4pairIKS6_S6_ENS_10_Select1stESt4hashIS6_ENS_18_Mod_range_hashingENS_20_Default_ranged_hashELb1EE7_M_hashEv
FN:1595,_ZNSt8__detail15_Hashtable_baseINSt7__cxx1112basic_stringIcSt11char_traitsIcESaIcEEESt4pairIKS6_S6_ENS_10_Select1stESt8equal_toIS6_ESt4hashIS6_ENS_18_Mod_range_hashingENS_20_Default_ranged_hashENS_17_Hashtable_traitsILb1ELb0ELb1EEEE9_S_equalsEmRKNS_21_Hash_node_code_cacheILb1EEE
FNDA:222,_ZNSt8__detail15_Hashtable_baseINSt7__cxx1112basic_stringIcSt11char_traitsIcESaIcEEESt4pairIKS6_S6_ENS_10_Select1stESt8equal_toIS6_ESt4hashIS6_ENS_18_Mod_range_hashingENS_20_Default_ranged_hashENS_17_Hashtable_traitsILb1ELb0ELb1EEEE9_S_equalsEmRKNS_21_Hash_node_code_cacheILb1EEE
FN:1604,_ZNSt8__detail15_Hashtable_baseINSt7__cxx1112basic_stringIcSt11char_traitsIcESaIcEEESt4pairIKS6_S6_ENS_10_Select1stESt8equal_toIS6_ESt4hashIS6_ENS_18_Mod_range_hashingENS_20_Default_ranged_hashENS_17_Hashtable_traitsILb1ELb0ELb1EEEEC2Ev
FNDA:2,_ZNSt8__detail15_Hashtable_baseINSt7__cxx1112basic_stringIcSt11char_traitsIcESaIcEEESt4pairIKS6_S6_ENS_10_Select1stESt8equal_toIS6_ESt4hashIS6_ENS_18_Mod_range_hashingENS_20_Default_ranged_hashENS_17_Hashtable_traitsILb1ELb0ELb1EEEEC2Ev
FN:1611,_ZNKSt8__detail15_Hashtable_baseINSt7__cxx1112basic_stringIcSt11char_traitsIcESaIcEEESt4pairIKS6_S6_ENS_10_Select1stESt8equal_toIS6_ESt4hashIS6_ENS_18_Mod_range_hashingENS_20_Default_ranged_hashENS_17_Hashtable_traitsILb1ELb0ELb1EEEE9_M_equalsERS8_mRKNS_16_Hash_node_valueIS9_Lb1EEE
FNDA:222,_ZNKSt8__detail15_Hashtable_baseINSt7__cxx1112basic_stringIcSt11char_traitsIcESaIcEEESt4pairIKS6_S6_ENS_10_Select1stESt8equal_toIS6_ESt4hashIS6_ENS_18_Mod_range_hashingENS_20_Default_ranged_hashENS_17_Hashtable_traitsILb1ELb0ELb1EEEE9_M_equalsERS8_mRKNS_16_Hash_node_valueIS9_Lb1EEE
FN:1650,_ZNKSt8__detail15_Hashtable_baseINSt7__cxx1112basic_stringIcSt11char_traitsIcESaIcEEESt4pairIKS6_S6_ENS_10_Select1stESt8equal_toIS6_ESt4hashIS6_ENS_18_Mod_range_hashingENS_20_Default_ranged_hashENS_17_Hashtable_traitsILb1ELb0ELb1EEEE5_M_eqEv
FNDA:222,_ZNKSt8__detail15_Hashtable_baseINSt7__cxx1112basic_stringIcSt11char_traitsIcESaIcEEESt4pairIKS6_S6_ENS_10_Select1stESt8equal_toIS6_ESt4hashIS6_ENS_18_Mod_range_hashingENS_20_Default_ranged_hashENS_17_Hashtable_traitsILb1ELb0ELb1EEEE5_M_eqEv
FN:1823,_ZNSt8__detail16_Hashtable_allocISaINS_10_Hash_nodeISt4pairIKNSt7__cxx1112basic_stringIcSt11char_traitsIcESaIcEEES8_ELb1EEEEEC2Ev
FNDA:2,_ZNSt8__detail16_Hashtable_allocISaINS_10_Hash_nodeISt4pairIKNSt7__cxx1112basic_stringIcSt11char_traitsIcESaIcEEES8_ELb1EEEEEC2Ev
FN:1833,_ZNSt8__detail16_Hashtable_allocISaINS_10_Hash_nodeISt4pairIKNSt7__cxx1112basic_stringIcSt11char_traitsIcESaIcEEES8_ELb1EEEEE17_M_node_allocatorEv
FNDA:68,_ZNSt8__detail16_Hashtable_allocISaINS_10_Hash_nodeISt4pairIKNSt7__cxx1112basic_stringIcSt11char_traitsIcESaIcEEES8_ELb1EEEEE17_M_node_allocatorEv
FN:1870,_ZNSt8__detail16_Hashtable_allocISaINS_10_Hash_nodeISt4pairIKNSt7__cxx1112basic_stringIcSt11char_traitsIcESaIcEEES8_ELb1EEEEE16_M_allocate_nodeIJRKSt21piecewise_construct_tSt5tupleIJRS9_EESI_IJEEEEEPSB_DpOT_
FNDA:16,_ZNSt8__detail16_Hashtable_allocISaINS_10_Hash_nodeISt4pairIKNSt7__cxx1112basic_stringIcSt11char_traitsIcESaIcEEES8_ELb1EEEEE16_M_allocate_nodeIJRKSt21piecewise_construct_tSt5tupleIJRS9_EESI_IJEEEEEPSB_DpOT_
FN:1892,_ZNSt8__detail16_Hashtable_allocISaINS_10_Hash_nodeISt4pairIKNSt7__cxx1112basic_stringIcSt11char_traitsIcESaIcEEES8_ELb1EEEEE18_M_deallocate_nodeEPSB_
FNDA:16,_ZNSt8__detail16_Hashtable_allocISaINS_10_Hash_nodeISt4pairIKNSt7__cxx1112basic_stringIcSt11char_traitsIcESaIcEEES8_ELb1EEEEE18_M_deallocate_nodeEPSB_
FN:1900,_ZNSt8__detail16_Hashtable_allocISaINS_10_Hash_nodeISt4pairIKNSt7__cxx1112basic_stringIcSt11char_traitsIcESaIcEEES8_ELb1EEEEE22_M_deallocate_node_ptrEPSB_
FNDA:16,_ZNSt8__detail16_Hashtable_allocISaINS_10_Hash_nodeISt4pairIKNSt7__cxx1112basic_stringIcSt11char_traitsIcESaIcEEES8_ELb1EEEEE22_M_deallocate_node_ptrEPSB_
FN:1910,_ZNSt8__detail16_Hashtable_allocISaINS_10_Hash_nodeISt4pairIKNSt7__cxx1112basic_stringIcSt11char_traitsIcESaIcEEES8_ELb1EEEEE19_M_deallocate_nodesEPSB_
FNDA:8,_ZNSt8__detail16_Hashtable_allocISaINS_10_Hash_nodeISt4pairIKNSt7__cxx1112basic_stringIcSt11char_traitsIcESaIcEEES8_ELb1EEEEE19_M_deallocate_nodesEPSB_
FN:1922,_ZNSt8__detail16_Hashtable_allocISaINS_10_Hash_nodeISt4pairIKNSt7__cxx1112basic_stringIcSt11char_traitsIcESaIcEEES8_ELb1EEEEE19_M_allocate_bucketsEm
FNDA:2,_ZNSt8__detail16_Hashtable_allocISaINS_10_Hash_nodeISt4pairIKNSt7__cxx1112basic_stringIcSt11char_traitsIcESaIcEEES8_ELb1EEEEE19_M_allocate_bucketsEm
FN:1935,_ZNSt8__detail16_Hashtable_allocISaINS_10_Hash_nodeISt4pairIKNSt7__cxx1112basic_stringIcSt11char_traitsIcESaIcEEES8_ELb1EEEEE21_M_deallocate_bucketsEPPNS_15_Hash_node_baseEm
FNDA:2,_ZNSt8__detail16_Hashtable_allocISaINS_10_Hash_nodeISt4pairIKNSt7__cxx1112basic_stringIcSt11char_traitsIcESaIcEEES8_ELb1EEEEE21_M_deallocate_bucketsEPPNS_15_Hash_node_baseEm
DA:93,222
DA:95,222
DA:219,0
DA:237,210
DA:238,210
DA:241,222
DA:242,222
DA:245,100
DA:246,100
DA:249,222
DA:250,222
DA:282,24
DA:283,24
DA:295,268
DA:296,268
DA:309,126
DA:311,126
DA:338,268
DA:339,268
DA:346,78
DA:347,78
DA:428,0
DA:430,0
DA:446,0
DA:447,0
DA:473,0
DA:474,0
DA:481,0
DA:482,0
DA:696,116
DA:701,116
DA:702,116
DA:703,116
DA:704,116
DA:705,100
DA:707,16
DA:710,16
DA:711,0
DA:714,16
DA:715,16
DA:716,16
DA:717,16
DA:1127,2
DA:1127,2
DA:1127,2
DA:1134,0
DA:1134,0
DA:1135,68
DA:1210,2
DA:1215,242
DA:1219,242
DA:1232,244
DA:1233,244
DA:1247,8
DA:1251,8
DA:1263,16
DA:1264,16
DA:1276,242
DA:1595,222
DA:1596,222
DA:1604,2
DA:1611,222
DA:1617,222
DA:1650,222
DA:1823,2
DA:1833,68
DA:1834,68
DA:1870,16
DA:1873,16
DA:1874,16
DA:1877,16
DA:1878,16
DA:1881,16
DA:1883,0
DA:1885,0
DA:1886,0
DA:1892,16
DA:1894,16
DA:1895,16
DA:1896,16
DA:1900,16
DA:1903,16
DA:1904,16
DA:1905,16
DA:1906,16
DA:1910,8
DA:1912,24
DA:1914,16
DA:1915,16
DA:1916,16
DA:1918,8
DA:1922,2
DA:1925,2
DA:1927,2
DA:1928,2
DA:1929,2
DA:1930,2
DA:1931,2
DA:1935,2
DA:1940,2
DA:1941,2
DA:1942,2
DA:1943,2
end_of_record
SF:/usr/include/c++/11/ext/aligned_buffer.h
FN:102,_ZN9__gnu_cxx16__aligned_bufferISt4pairIKNSt7__cxx1112basic_stringIcSt11char_traitsIcESaIcEEES7_EE7_M_addrEv
FNDA:210,_ZN9__gnu_cxx16__aligned_bufferISt4pairIKNSt7__cxx1112basic_stringIcSt11char_traitsIcESaIcEEES7_EE7_M_addrEv
FN:108,_ZNK9__gnu_cxx16__aligned_bufferISt4pairIKNSt7__cxx1112basic_stringIcSt11char_traitsIcESaIcEEES7_EE7_M_addrEv
FNDA:222,_ZNK9__gnu_cxx16__aligned_bufferISt4pairIKNSt7__cxx1112basic_stringIcSt11char_traitsIcESaIcEEES7_EE7_M_addrEv
FN:114,_ZN9__gnu_cxx16__aligned_bufferISt4pairIKNSt7__cxx1112basic_stringIcSt11char_traitsIcESaIcEEES7_EE6_M_ptrEv
FNDA:210,_ZN9__gnu_cxx16__aligned_bufferISt4pairIKNSt7__cxx1112basic_stringIcSt11char_traitsIcESaIcEEES7_EE6_M_ptrEv
FN:118,_ZNK9__gnu_cxx16__aligned_bufferISt4pairIKNSt7__cxx1112basic_stringIcSt11char_traitsIcESaIcEEES7_EE6_M_ptrEv
FNDA:222,_ZNK9__gnu_cxx16__aligned_bufferISt4pairIKNSt7__cxx1112basic_stringIcSt11char_traitsIcESaIcEEES7_EE6_M_ptrEv
DA:102,210
DA:104,210
DA:108,222
DA:110,222
DA:114,210
DA:115,210
DA:118,222
DA:119,222
end_of_record
SF:/usr/include/c++/11/tuple
FN:192,_ZNSt10_Head_baseILm0ERKNSt7__cxx1112basic_stringIcSt11char_traitsIcESaIcEEELb0EEC2ES7_
FNDA:16,_ZNSt10_Head_baseILm0ERKNSt7__cxx1112basic_stringIcSt11char_traitsIcESaIcEEELb0EEC2ES7_
FN:233,_ZNSt10_Head_baseILm0ERKNSt7__cxx1112basic_stringIcSt11char_traitsIcESaIcEEELb0EE7_M_headERS8_
FNDA:16,_ZNSt10_Head_baseILm0ERKNSt7__cxx1112basic_stringIcSt11char_traitsIcESaIcEEELb0EE7_M_headERS8_
FN:424,_ZNSt11_Tuple_implILm0EJRKNSt7__cxx1112basic_stringIcSt11char_traitsIcESaIcEEEEE7_M_headERS8_
FNDA:16,_ZNSt11_Tuple_implILm0EJRKNSt7__cxx1112basic_stringIcSt11char_traitsIcESaIcEEEEE7_M_headERS8_
FN:434,_ZNSt11_Tuple_implILm0EJRKNSt7__cxx1112basic_stringIcSt11char_traitsIcESaIcEEEEEC2ES7_
FNDA:16,_ZNSt11_Tuple_implILm0EJRKNSt7__cxx1112basic_stringIcSt11char_traitsIcESaIcEEEEEC2ES7_
FN:454,_ZNSt11_Tuple_implILm0EJRKNSt7__cxx1112basic_stringIcSt11char_traitsIcESaIcEEEEEC2EOS8_
FNDA:16,_ZNSt11_Tuple_implILm0EJRKNSt7__cxx1112basic_stringIcSt11char_traitsIcESaIcEEEEEC2EOS8_
FN:727,_ZNSt5tupleIJRKNSt7__cxx1112basic_stringIcSt11char_traitsIcESaIcEEEEEC2ILb1ELb1EEES7_
FNDA:16,_ZNSt5tupleIJRKNSt7__cxx1112basic_stringIcSt11char_traitsIcESaIcEEEEEC2ILb1ELb1EEES7_
FN:756,_ZNSt5tupleIJRKNSt7__cxx1112basic_stringIcSt11char_traitsIcESaIcEEEEEC2EOS8_
FNDA:16,_ZNSt5tupleIJRKNSt7__cxx1112basic_stringIcSt11char_traitsIcESaIcEEEEEC2EOS8_
FN:1377,_ZSt12__get_helperILm0ERKNSt7__cxx1112basic_stringIcSt11char_traitsIcESaIcEEEJEERT0_RSt11_Tuple_implIXT_EJS8_DpT1_EE
FNDA:16,_ZSt12__get_helperILm0ERKNSt7__cxx1112basic_stringIcSt11char_traitsIcESaIcEEEJEERT0_RSt11_Tuple_implIXT_EJS8_DpT1_EE
FN:1393,_ZSt3getILm0EJRKNSt7__cxx1112basic_stringIcSt11char_traitsIcESaIcEEEEERNSt13tuple_elementIXT_ESt5tupleIJDpT0_EEE4typeERSC_
FNDA:16,_ZSt3getILm0EJRKNSt7__cxx1112basic_stringIcSt11char_traitsIcESaIcEEEEERNSt13tuple_elementIXT_ESt5tupleIJDpT0_EEE4typeERSC_
FN:1804,_ZNSt4pairIKNSt7__cxx1112basic_stringIcSt11char_traitsIcESaIcEEES5_EC2IJRS6_EJEEESt21piecewise_construct_tSt5tupleIJDpT_EESB_IJDpT0_EE
FNDA:16,_ZNSt4pairIKNSt7__cxx1112basic_stringIcSt11char_traitsIcESaIcEEES5_EC2IJRS6_EJEEESt21piecewise_construct_tSt5tupleIJDpT_EESB_IJDpT0_EE
FN:1816,_ZNSt4pairIKNSt7__cxx1112basic_stringIcSt11char_traitsIcESaIcEEES5_EC2IJRS6_EJLm0EEJEJEEERSt5tupleIJDpT_EERSA_IJDpT1_EESt12_Index_tupleIJXspT0_EEESJ_IJXspT2_EEE
FNDA:16,_ZNSt4pairIKNSt7__cxx1112basic_stringIcSt11char_traitsIcESaIcEEES5_EC2IJRS6_EJLm0EEJEJEEERSt5tupleIJDpT_EERSA_IJDpT1_EESt12_Index_tupleIJXspT0_EEESJ_IJXspT2_EEE
DA:192,16
DA:193,16
DA:233,16
DA:424,16
DA:434,16
DA:435,16
DA:436,16
DA:454,16
DA:456,16
DA:457,16
DA:727,16
DA:729,16
DA:756,16
DA:1377,16
DA:1378,16
DA:1393,16
DA:1394,16
DA:1804,16
DA:1809,16
DA:1810,16
DA:1816,16
DA:1819,16
DA:1820,16
DA:1821,16
end_of_record
SF:/usr/include/c++/11/bits/unordered_map.h
FN:141,_ZNSt13unordered_mapINSt7__cxx1112basic_stringIcSt11char_traitsIcESaIcEEES5_St4hashIS5_ESt8equal_toIS5_ESaISt4pairIKS5_S5_EEEC2Ev
FNDA:2,_ZNSt13unordered_mapINSt7__cxx1112basic_stringIcSt11char_traitsIcESaIcEEES5_St4hashIS5_ESt8equal_toIS5_ESaISt4pairIKS5_S5_EEEC2Ev
FN:347,_ZNSt13unordered_mapINSt7__cxx1112basic_stringIcSt11char_traitsIcESaIcEEES5_St4hashIS5_ESt8equal_toIS5_ESaISt4pairIKS5_S5_EEE3endEv
FNDA:126,_ZNSt13unordered_mapINSt7__cxx1112basic_stringIcSt11char_traitsIcESaIcEEES5_St4hashIS5_ESt8equal_toIS5_ESaISt4pairIKS5_S5_EEE3endEv
FN:790,_ZNSt13unordered_mapINSt7__cxx1112basic_stringIcSt11char_traitsIcESaIcEEES5_St4hashIS5_ESt8equal_toIS5_ESaISt4pairIKS5_S5_EEE5clearEv
FNDA:6,_ZNSt13unordered_mapINSt7__cxx1112basic_stringIcSt11char_traitsIcESaIcEEES5_St4hashIS5_ESt8equal_toIS5_ESaISt4pairIKS5_S5_EEE5clearEv
FN:868,_ZNSt13unordered_mapINSt7__cxx1112basic_stringIcSt11char_traitsIcESaIcEEES5_St4hashIS5_ESt8equal_toIS5_ESaISt4pairIKS5_S5_EEE4findERSB_
FNDA:126,_ZNSt13unordered_mapINSt7__cxx1112basic_stringIcSt11char_traitsIcESaIcEEES5_St4hashIS5_ESt8equal_toIS5_ESaISt4pairIKS5_S5_EEE4findERSB_
FN:979,_ZNSt13unordered_mapINSt7__cxx1112basic_stringIcSt11char_traitsIcESaIcEEES5_St4hashIS5_ESt8equal_toIS5_ESaISt4pairIKS5_S5_EEEixERSB_
FNDA:116,_ZNSt13unordered_mapINSt7__cxx1112basic_stringIcSt11char_traitsIcESaIcEEES5_St4hashIS5_ESt8equal_toIS5_ESaISt4pairIKS5_S5_EEEixERSB_
DA:141,2
DA:347,126
DA:348,126
DA:790,6
DA:791,6
DA:868,126
DA:869,126
DA:979,116
DA:980,116
end_of_record
SF:/usr/include/c++/11/bits/alloc_traits.h
FN:463,_ZNSt16allocator_traitsISaIPNSt8__detail15_Hash_node_baseEEE8allocateERS3_m
FNDA:0,_ZNSt16allocator_traitsISaIPNSt8__detail15_Hash_node_baseEEE8allocateERS3_m
FN:463,_ZNSt16allocator_traitsISaINSt8__detail10_Hash_nodeISt4pairIKNSt7__cxx1112basic_stringIcSt11char_traitsIcESaIcEEES8_ELb1EEEEE8allocateERSC_m
FNDA:16,_ZNSt16allocator_traitsISaINSt8__detail10_Hash_nodeISt4pairIKNSt7__cxx1112basic_stringIcSt11char_traitsIcESaIcEEES8_ELb1EEEEE8allocateERSC_m
FN:495,_ZNSt16allocator_traitsISaINSt8__detail10_Hash_nodeISt4pairIKNSt7__cxx1112basic_stringIcSt11char_traitsIcESaIcEEES8_ELb1EEEEE10deallocateERSC_PSB_m
FNDA:16,_ZNSt16allocator_traitsISaINSt8__detail10_Hash_nodeISt4pairIKNSt7__cxx1112basic_stringIcSt11char_traitsIcESaIcEEES8_ELb1EEEEE10deallocateERSC_PSB_m
FN:495,_ZNSt16allocator_traitsISaIPNSt8__detail15_Hash_node_baseEEE10deallocateERS3_PS2_m
FNDA:0,_ZNSt16allocator_traitsISaIPNSt8__detail15_Hash_node_baseEEE10deallocateERS3_PS2_m
FN:511,_ZNSt16allocator_traitsISaINSt8__detail10_Hash_nodeISt4pairIKNSt7__cxx1112basic_stringIcSt11char_traitsIcESaIcEEES8_ELb1EEEEE9constructISA_JRKSt21piecewise_construct_tSt5tupleIJRS9_EESI_IJEEEEEvRSC_PT_DpOT0_
FNDA:16,_ZNSt16allocator_traitsISaINSt8__detail10_Hash_nodeISt4pairIKNSt7__cxx1112basic_stringIcSt11char_traitsIcESaIcEEES8_ELb1EEEEE9constructISA_JRKSt21piecewise_construct_tSt5tupleIJRS9_EESI_IJEEEEEvRSC_PT_DpOT0_
FN:531,_ZNSt16allocator_traitsISaINSt8__detail10_Hash_nodeISt4pairIKNSt7__cxx1112basic_stringIcSt11char_traitsIcESaIcEEES8_ELb1EEEEE7destroyISA_EEvRSC_PT_
FNDA:16,_ZNSt16allocator_traitsISaINSt8__detail10_Hash_nodeISt4pairIKNSt7__cxx1112basic_stringIcSt11char_traitsIcESaIcEEES8_ELb1EEEEE7destroyISA_EEvRSC_PT_
FN:562,_ZNSt16allocator_traitsISaIcEE37select_on_container_copy_constructionERKS0_
FNDA:56,_ZNSt16allocator_traitsISaIcEE37select_on_container_copy_constructionERKS0_
DA:463,0
DA:464,0
DA:463,16
DA:464,16
DA:495,16
DA:496,16
DA:495,0
DA:496,0
DA:511,16
DA:516,16
DA:520,16
DA:531,16
DA:535,16
DA:539,16
DA:562,56
DA:563,56
end_of_record
SF:/usr/include/c++/11/new
FN:174,_ZnwmPv
FNDA:0,_ZnwmPv
FN:180,_ZdlPvS_
FNDA:0,_ZdlPvS_
DA:174,0
DA:175,0
DA:180,0
end_of_record
SF:/usr/include/c++/11/utility
FN:188,_ZNSt10__pair_getILm0EE11__const_getIKNSt7__cxx1112basic_stringIcSt11char_traitsIcESaIcEEES7_EERKT_RKSt4pairIS9_T0_E
FNDA:222,_ZNSt10__pair_getILm0EE11__const_getIKNSt7__cxx1112basic_stringIcSt11char_traitsIcESaIcEEES7_EERKT_RKSt4pairIS9_T0_E
FN:233,_ZSt3getILm0EKNSt7__cxx1112basic_stringIcSt11char_traitsIcESaIcEEES5_ERKNSt13tuple_elementIXT_ESt4pairIT0_T1_EE4typeERKSB_
FNDA:222,_ZSt3getILm0EKNSt7__cxx1112basic_stringIcSt11char_traitsIcESaIcEEES5_ERKNSt13tuple_elementIXT_ESt4pairIT0_T1_EE4typeERKSB_
DA:188,222
DA:189,222
DA:233,222
DA:234,222
end_of_record
SF:/usr/include/c++/11/ext/new_allocator.h
FN:79,_ZN9__gnu_cxx13new_allocatorIPNSt8__detail15_Hash_node_baseEEC2Ev
FNDA:0,_ZN9__gnu_cxx13new_allocatorIPNSt8__detail15_Hash_node_baseEEC2Ev
FN:79,_ZN9__gnu_cxx13new_allocatorINSt8__detail10_Hash_nodeISt4pairIKNSt7__cxx1112basic_stringIcSt11char_traitsIcESaIcEEES9_ELb1EEEEC2Ev
FNDA:2,_ZN9__gnu_cxx13new_allocatorINSt8__detail10_Hash_nodeISt4pairIKNSt7__cxx1112basic_stringIcSt11char_traitsIcESaIcEEES9_ELb1EEEEC2Ev
FN:79,_ZN9__gnu_cxx13new_allocatorIcEC2Ev
FNDA:0,_ZN9__gnu_cxx13new_allocatorIcEC2Ev
FN:82,_ZN9__gnu_cxx13new_allocatorIcEC2ERKS1_
FNDA:0,_ZN9__gnu_cxx13new_allocatorIcEC2ERKS1_
FN:89,_ZN9__gnu_cxx13new_allocatorIPNSt8__detail15_Hash_node_baseEED2Ev
FNDA:0,_ZN9__gnu_cxx13new_allocatorIPNSt8__detail15_Hash_node_baseEED2Ev
FN:89,_ZN9__gnu_cxx13new_allocatorINSt8__detail10_Hash_nodeISt4pairIKNSt7__cxx1112basic_stringIcSt11char_traitsIcESaIcEEES9_ELb1EEEED2Ev
FNDA:2,_ZN9__gnu_cxx13new_allocatorINSt8__detail10_Hash_nodeISt4pairIKNSt7__cxx1112basic_stringIcSt11char_traitsIcESaIcEEES9_ELb1EEEED2Ev
FN:89,_ZN9__gnu_cxx13new_allocatorIcED2Ev
FNDA:0,_ZN9__gnu_cxx13new_allocatorIcED2Ev
FN:103,_ZN9__gnu_cxx13new_allocatorIPNSt8__detail15_Hash_node_baseEE8allocateEmPKv
FNDA:0,_ZN9__gnu_cxx13new_allocatorIPNSt8__detail15_Hash_node_baseEE8allocateEmPKv
FN:103,_ZN9__gnu_cxx13new_allocatorINSt8__detail10_Hash_nodeISt4pairIKNSt7__cxx1112basic_stringIcSt11char_traitsIcESaIcEEES9_ELb1EEEE8allocateEmPKv
FNDA:16,_ZN9__gnu_cxx13new_allocatorINSt8__detail10_Hash_nodeISt4pairIKNSt7__cxx1112basic_stringIcSt11char_traitsIcESaIcEEES9_ELb1EEEE8allocateEmPKv
FN:132,_ZN9__gnu_cxx13new_allocatorINSt8__detail10_Hash_nodeISt4pairIKNSt7__cxx1112basic_stringIcSt11char_traitsIcESaIcEEES9_ELb1EEEE10deallocateEPSC_m
FNDA:16,_ZN9__gnu_cxx13new_allocatorINSt8__detail10_Hash_nodeISt4pairIKNSt7__cxx1112basic_stringIcSt11char_traitsIcESaIcEEES9_ELb1EEEE10deallocateEPSC_m
FN:132,_ZN9__gnu_cxx13new_allocatorIPNSt8__detail15_Hash_node_baseEE10deallocateEPS3_m
FNDA:0,_ZN9__gnu_cxx13new_allocatorIPNSt8__detail15_Hash_node_baseEE10deallocateEPS3_m
FN:160,_ZN9__gnu_cxx13new_allocatorINSt8__detail10_Hash_nodeISt4pairIKNSt7__cxx1112basic_stringIcSt11char_traitsIcESaIcEEES9_ELb1EEEE9constructISB_JRKSt21piecewise_construct_tSt5tupleIJRSA_EESI_IJEEEEEvPT_DpOT0_
FNDA:16,_ZN9__gnu_cxx13new_allocatorINSt8__detail10_Hash_nodeISt4pairIKNSt7__cxx1112basic_stringIcSt11char_traitsIcESaIcEEES9_ELb1EEEE9constructISB_JRKSt21piecewise_construct_tSt5tupleIJRSA_EESI_IJEEEEEvPT_DpOT0_
FN:166,_ZN9__gnu_cxx13new_allocatorINSt8__detail10_Hash_nodeISt4pairIKNSt7__cxx1112basic_stringIcSt11char_traitsIcESaIcEEES9_ELb1EEEE7destroyISB_EEvPT_
FNDA:16,_ZN9__gnu_cxx13new_allocatorINSt8__detail10_Hash_nodeISt4pairIKNSt7__cxx1112basic_stringIcSt11char_traitsIcESaIcEEES9_ELb1EEEE7destroyISB_EEvPT_
FN:197,_ZNK9__gnu_cxx13new_allocatorIPNSt8__detail15_Hash_node_baseEE11_M_max_sizeEv
FNDA:0,_ZNK9__gnu_cxx13new_allocatorIPNSt8__detail15_Hash_node_baseEE11_M_max_sizeEv
FN:197,_ZNK9__gnu_cxx13new_allocatorINSt8__detail10_Hash_nodeISt4pairIKNSt7__cxx1112basic_stringIcSt11char_traitsIcESaIcEEES9_ELb1EEEE11_M_max_sizeEv
FNDA:16,_ZNK9__gnu_cxx13new_allocatorINSt8__detail10_Hash_nodeISt4pairIKNSt7__cxx1112basic_stringIcSt11char_traitsIcESaIcEEES9_ELb1EEEE11_M_max_sizeEv
DA:79,0
DA:79,2
DA:79,0
DA:82,0
DA:89,0
DA:89,2
DA:89,0
DA:103,0
DA:111,0
DA:115,0
DA:116,0
DA:117,0
DA:127,0
DA:103,16
DA:111,16
DA:115,0
DA:116,0
DA:117,0
DA:127,16
DA:132,16
DA:145,16
DA:132,0
DA:145,0
DA:160,16
DA:162,16
DA:166,16
DA:168,16
DA:197,0
DA:200,0
DA:197,16
DA:200,16
end_of_record
SF:/usr/include/c++/11/bits/hashtable.h
FN:302,_ZNSt10_HashtableINSt7__cxx1112basic_stringIcSt11char_traitsIcESaIcEEESt4pairIKS5_S5_ESaIS8_ENSt8__detail10_Select1stESt8equal_toIS5_ESt4hashIS5_ENSA_18_Mod_range_hashingENSA_20_Default_ranged_hashENSA_20_Prime_rehash_policyENSA_17_Hashtable_traitsILb1ELb0ELb1EEEE12_Scoped_nodeC2IJRKSt21piecewise_construct_tSt5tupleIJRS7_EESR_IJEEEEEPNSA_16_Hashtable_allocISaINSA_10_Hash_nodeIS8_Lb1EEEEEEDpOT_
FNDA:16,_ZNSt10_HashtableINSt7__cxx1112basic_stringIcSt11char_traitsIcESaIcEEESt4pairIKS5_S5_ESaIS8_ENSt8__detail10_Select1stESt8equal_toIS5_ESt4hashIS5_ENSA_18_Mod_range_hashingENSA_20_Default_ranged_hashENSA_20_Prime_rehash_policyENSA_17_Hashtable_traitsILb1ELb0ELb1EEEE12_Scoped_nodeC2IJRKSt21piecewise_construct_tSt5tupleIJRS7_EESR_IJEEEEEPNSA_16_Hashtable_allocISaINSA_10_Hash_nodeIS8_Lb1EEEEEEDpOT_
FN:308,_ZNSt10_HashtableINSt7__cxx1112basic_stringIcSt11char_traitsIcESaIcEEESt4pairIKS5_S5_ESaIS8_ENSt8__detail10_Select1stESt8equal_toIS5_ESt4hashIS5_ENSA_18_Mod_range_hashingENSA_20_Default_ranged_hashENSA_20_Prime_rehash_policyENSA_17_Hashtable_traitsILb1ELb0ELb1EEEE12_Scoped_nodeD2Ev
FNDA:16,_ZNSt10_HashtableINSt7__cxx1112basic_stringIcSt11char_traitsIcESaIcEEESt4pairIKS5_S5_ESaIS8_ENSt8__detail10_Select1stESt8equal_toIS5_ESt4hashIS5_ENSA_18_Mod_range_hashingENSA_20_Default_ranged_hashENSA_20_Prime_rehash_policyENSA_17_Hashtable_traitsILb1ELb0ELb1EEEE12_Scoped_nodeD2Ev
FN:421,_ZNKSt10_HashtableINSt7__cxx1112basic_stringIcSt11char_traitsIcESaIcEEESt4pairIKS5_S5_ESaIS8_ENSt8__detail10_Select1stESt8equal_toIS5_ESt4hashIS5_ENSA_18_Mod_range_hashingENSA_20_Default_ranged_hashENSA_20_Prime_rehash_policyENSA_17_Hashtable_traitsILb1ELb0ELb1EEEE21_M_uses_single_bucketEPPNSA_15_Hash_node_baseE
FNDA:4,_ZNKSt10_HashtableINSt7__cxx1112basic_stringIcSt11char_traitsIcESaIcEEESt4pairIKS5_S5_ESaIS8_ENSt8__detail10_Select1stESt8equal_toIS5_ESt4hashIS5_ENSA_18_Mod_range_hashingENSA_20_Default_ranged_hashENSA_20_Prime_rehash_policyENSA_17_Hashtable_traitsILb1ELb0ELb1EEEE21_M_uses_single_bucketEPPNSA_15_Hash_node_baseE
FN:432,_ZNSt10_HashtableINSt7__cxx1112basic_stringIcSt11char_traitsIcESaIcEEESt4pairIKS5_S5_ESaIS8_ENSt8__detail10_Select1stESt8equal_toIS5_ESt4hashIS5_ENSA_18_Mod_range_hashingENSA_20_Default_ranged_hashENSA_20_Prime_rehash_policyENSA_17_Hashtable_traitsILb1ELb0ELb1EEEE19_M_allocate_bucketsEm
FNDA:2,_ZNSt10_HashtableINSt7__cxx1112basic_stringIcSt11char_traitsIcESaIcEEESt4pairIKS5_S5_ESaIS8_ENSt8__detail10_Select1stESt8equal_toIS5_ESt4hashIS5_ENSA_18_Mod_range_hashingENSA_20_Default_ranged_hashENSA_20_Prime_rehash_policyENSA_17_Hashtable_traitsILb1ELb0ELb1EEEE19_M_allocate_bucketsEm
FN:444,_ZNSt10_HashtableINSt7__cxx1112basic_stringIcSt11char_traitsIcESaIcEEESt4pairIKS5_S5_ESaIS8_ENSt8__detail10_Select1stESt8equal_toIS5_ESt4hashIS5_ENSA_18_Mod_range_hashingENSA_20_Default_ranged_hashENSA_20_Prime_rehash_policyENSA_17_Hashtable_traitsILb1ELb0ELb1EEEE21_M_deallocate_bucketsEPPNSA_15_Hash_node_baseEm
FNDA:4,_ZNSt10_HashtableINSt7__cxx1112basic_stringIcSt11char_traitsIcESaIcEEESt4pairIKS5_S5_ESaIS8_ENSt8__detail10_Select1stESt8equal_toIS5_ESt4hashIS5_ENSA_18_Mod_range_hashingENSA_20_Default_ranged_hashENSA_20_Prime_rehash_policyENSA_17_Hashtable_traitsILb1ELb0ELb1EEEE21_M_deallocate_bucketsEPPNSA_15_Hash_node_baseEm
FN:453,_ZNSt10_HashtableINSt7__cxx1112basic_stringIcSt11char_traitsIcESaIcEEESt4pairIKS5_S5_ESaIS8_ENSt8__detail10_Select1stESt8equal_toIS5_ESt4hashIS5_ENSA_18_Mod_range_hashingENSA_20_Default_ranged_hashENSA_20_Prime_rehash_policyENSA_17_Hashtable_traitsILb1ELb0ELb1EEEE21_M_deallocate_bucketsEv
FNDA:4,_ZNSt10_HashtableINSt7__cxx1112basic_stringIcSt11char_traitsIcESaIcEEESt4pairIKS5_S5_ESaIS8_ENSt8__detail10_Select1stESt8equal_toIS5_ESt4hashIS5_ENSA_18_Mod_range_hashingENSA_20_Default_ranged_hashENSA_20_Prime_rehash_policyENSA_17_Hashtable_traitsILb1ELb0ELb1EEEE21_M_deallocate_bucketsEv
FN:462,_ZNKSt10_HashtableINSt7__cxx1112basic_stringIcSt11char_traitsIcESaIcEEESt4pairIKS5_S5_ESaIS8_ENSt8__detail10_Select1stESt8equal_toIS5_ESt4hashIS5_ENSA_18_Mod_range_hashingENSA_20_Default_ranged_hashENSA_20_Prime_rehash_policyENSA_17_Hashtable_traitsILb1ELb0ELb1EEEE8_M_beginEv
FNDA:10,_ZNKSt10_HashtableINSt7__cxx1112basic_stringIcSt11char_traitsIcESaIcEEESt4pairIKS5_S5_ESaIS8_ENSt8__detail10_Select1stESt8equal_toIS5_ESt4hashIS5_ENSA_18_Mod_range_hashingENSA_20_Default_ranged_hashENSA_20_Prime_rehash_policyENSA_17_Hashtable_traitsILb1ELb0ELb1EEEE8_M_beginEv
FN:528,_ZNSt10_HashtableINSt7__cxx1112basic_stringIcSt11char_traitsIcESaIcEEESt4pairIKS5_S5_ESaIS8_ENSt8__detail10_Select1stESt8equal_toIS5_ESt4hashIS5_ENSA_18_Mod_range_hashingENSA_20_Default_ranged_hashENSA_20_Prime_rehash_policyENSA_17_Hashtable_traitsILb1ELb0ELb1EEEEC2Ev
FNDA:2,_ZNSt10_HashtableINSt7__cxx1112basic_stringIcSt11char_traitsIcESaIcEEESt4pairIKS5_S5_ESaIS8_ENSt8__detail10_Select1stESt8equal_toIS5_ESt4hashIS5_ENSA_18_Mod_range_hashingENSA_20_Default_ranged_hashENSA_20_Prime_rehash_policyENSA_17_Hashtable_traitsILb1ELb0ELb1EEEEC2Ev
FN:629,_ZNSt10_HashtableINSt7__cxx1112basic_stringIcSt11char_traitsIcESaIcEEESt4pairIKS5_S5_ESaIS8_ENSt8__detail10_Select1stESt8equal_toIS5_ESt4hashIS5_ENSA_18_Mod_range_hashingENSA_20_Default_ranged_hashENSA_20_Prime_rehash_policyENSA_17_Hashtable_traitsILb1ELb0ELb1EEEE3endEv
FNDA:126,_ZNSt10_HashtableINSt7__cxx1112basic_stringIcSt11char_traitsIcESaIcEEESt4pairIKS5_S5_ESaIS8_ENSt8__detail10_Select1stESt8equal_toIS5_ESt4hashIS5_ENSA_18_Mod_range_hashingENSA_20_Default_ranged_hashENSA_20_Prime_rehash_policyENSA_17_Hashtable_traitsILb1ELb0ELb1EEEE3endEv
FN:790,_ZNKSt10_HashtableINSt7__cxx1112basic_stringIcSt11char_traitsIcESaIcEEESt4pairIKS5_S5_ESaIS8_ENSt8__detail10_Select1stESt8equal_toIS5_ESt4hashIS5_ENSA_18_Mod_range_hashingENSA_20_Default_ranged_hashENSA_20_Prime_rehash_policyENSA_17_Hashtable_traitsILb1ELb0ELb1EEEE15_M_bucket_indexERKNSA_16_Hash_node_valueIS8_Lb1EEE
FNDA:8,_ZNKSt10_HashtableINSt7__cxx1112basic_stringIcSt11char_traitsIcESaIcEEESt4pairIKS5_S5_ESaIS8_ENSt8__detail10_Select1stESt8equal_toIS5_ESt4hashIS5_ENSA_18_Mod_range_hashingENSA_20_Default_ranged_hashENSA_20_Prime_rehash_policyENSA_17_Hashtable_traitsILb1ELb0ELb1EEEE15_M_bucket_indexERKNSA_16_Hash_node_valueIS8_Lb1EEE
FN:794,_ZNKSt10_HashtableINSt7__cxx1112basic_stringIcSt11char_traitsIcESaIcEEESt4pairIKS5_S5_ESaIS8_ENSt8__detail10_Select1stESt8equal_toIS5_ESt4hashIS5_ENSA_18_Mod_range_hashingENSA_20_Default_ranged_hashENSA_20_Prime_rehash_policyENSA_17_Hashtable_traitsILb1ELb0ELb1EEEE15_M_bucket_indexEm
FNDA:244,_ZNKSt10_HashtableINSt7__cxx1112basic_stringIcSt11char_traitsIcESaIcEEESt4pairIKS5_S5_ESaIS8_ENSt8__detail10_Select1stESt8equal_toIS5_ESt4hashIS5_ENSA_18_Mod_range_hashingENSA_20_Default_ranged_hashENSA_20_Prime_rehash_policyENSA_17_Hashtable_traitsILb1ELb0ELb1EEEE15_M_bucket_indexEm
FN:807,_ZNKSt10_HashtableINSt7__cxx1112basic_stringIcSt11char_traitsIcESaIcEEESt4pairIKS5_S5_ESaIS8_ENSt8__detail10_Select1stESt8equal_toIS5_ESt4hashIS5_ENSA_18_Mod_range_hashingENSA_20_Default_ranged_hashENSA_20_Prime_rehash_policyENSA_17_Hashtable_traitsILb1ELb0ELb1EEEE12_M_find_nodeEmRS7_m
FNDA:242,_ZNKSt10_HashtableINSt7__cxx1112basic_stringIcSt11char_traitsIcESaIcEEESt4pairIKS5_S5_ESaIS8_ENSt8__detail10_Select1stESt8equal_toIS5_ESt4hashIS5_ENSA_18_Mod_range_hashingENSA_20_Default_ranged_hashENSA_20_Prime_rehash_policyENSA_17_Hashtable_traitsILb1ELb0ELb1EEEE12_M_find_nodeEmRS7_m
FN:1528,_ZNSt10_HashtableINSt7__cxx1112basic_stringIcSt11char_traitsIcESaIcEEESt4pairIKS5_S5_ESaIS8_ENSt8__detail10_Select1stESt8equal_toIS5_ESt4hashIS5_ENSA_18_Mod_range_hashingENSA_20_Default_ranged_hashENSA_20_Prime_rehash_policyENSA_17_Hashtable_traitsILb1ELb0ELb1EEEED2Ev
FNDA:2,_ZNSt10_HashtableINSt7__cxx1112basic_stringIcSt11char_traitsIcESaIcEEESt4pairIKS5_S5_ESaIS8_ENSt8__detail10_Select1stESt8equal_toIS5_ESt4hashIS5_ENSA_18_Mod_range_hashingENSA_20_Default_ranged_hashENSA_20_Prime_rehash_policyENSA_17_Hashtable_traitsILb1ELb0ELb1EEEED2Ev
FN:1588,_ZNSt10_HashtableINSt7__cxx1112basic_stringIcSt11char_traitsIcESaIcEEESt4pairIKS5_S5_ESaIS8_ENSt8__detail10_Select1stESt8equal_toIS5_ESt4hashIS5_ENSA_18_Mod_range_hashingENSA_20_Default_ranged_hashENSA_20_Prime_rehash_policyENSA_17_Hashtable_traitsILb1ELb0ELb1EEEE4findERS7_
FNDA:126,_ZNSt10_HashtableINSt7__cxx1112basic_stringIcSt11char_traitsIcESaIcEEESt4pairIKS5_S5_ESaIS8_ENSt8__detail10_Select1stESt8equal_toIS5_ESt4hashIS5_ENSA_18_Mod_range_hashingENSA_20_Default_ranged_hashENSA_20_Prime_rehash_policyENSA_17_Hashtable_traitsILb1ELb0ELb1EEEE4findERS7_
FN:1827,_ZNKSt10_HashtableINSt7__cxx1112basic_stringIcSt11char_traitsIcESaIcEEESt4pairIKS5_S5_ESaIS8_ENSt8__detail10_Select1stESt8equal_toIS5_ESt4hashIS5_ENSA_18_Mod_range_hashingENSA_20_Default_ranged_hashENSA_20_Prime_rehash_policyENSA_17_Hashtable_traitsILb1ELb0ELb1EEEE19_M_find_before_nodeEmRS7_m
FNDA:242,_ZNKSt10_HashtableINSt7__cxx1112basic_stringIcSt11char_traitsIcESaIcEEESt4pairIKS5_S5_ESaIS8_ENSt8__detail10_Select1stESt8equal_toIS5_ESt4hashIS5_ENSA_18_Mod_range_hashingENSA_20_Default_ranged_hashENSA_20_Prime_rehash_policyENSA_17_Hashtable_traitsILb1ELb0ELb1EEEE19_M_find_before_nodeEmRS7_m
FN:1886,_ZNSt10_HashtableINSt7__cxx1112basic_stringIcSt11char_traitsIcESaIcEEESt4pairIKS5_S5_ESaIS8_ENSt8__detail10_Select1stESt8equal_toIS5_ESt4hashIS5_ENSA_18_Mod_range_hashingENSA_20_Default_ranged_hashENSA_20_Prime_rehash_policyENSA_17_Hashtable_traitsILb1ELb0ELb1EEEE22_M_insert_bucket_beginEmPNSA_10_Hash_nodeIS8_Lb1EEE
FNDA:16,_ZNSt10_HashtableINSt7__cxx1112basic_stringIcSt11char_traitsIcESaIcEEESt4pairIKS5_S5_ESaIS8_ENSt8__detail10_Select1stESt8equal_toIS5_ESt4hashIS5_ENSA_18_Mod_range_hashingENSA_20_Default_ranged_hashENSA_20_Prime_rehash_policyENSA_17_Hashtable_traitsILb1ELb0ELb1EEEE22_M_insert_bucket_beginEmPNSA_10_Hash_nodeIS8_Lb1EEE
FN:2008,_ZNSt10_HashtableINSt7__cxx1112basic_stringIcSt11char_traitsIcESaIcEEESt4pairIKS5_S5_ESaIS8_ENSt8__detail10_Select1stESt8equal_toIS5_ESt4hashIS5_ENSA_18_Mod_range_hashingENSA_20_Default_ranged_hashENSA_20_Prime_rehash_policyENSA_17_Hashtable_traitsILb1ELb0ELb1EEEE21_M_insert_unique_nodeEmmPNSA_10_Hash_nodeIS8_Lb1EEEm
FNDA:16,_ZNSt10_HashtableINSt7__cxx1112basic_stringIcSt11char_traitsIcESaIcEEESt4pairIKS5_S5_ESaIS8_ENSt8__detail10_Select1stESt8equal_toIS5_ESt4hashIS5_ENSA_18_Mod_range_hashingENSA_20_Default_ranged_hashENSA_20_Prime_rehash_policyENSA_17_Hashtable_traitsILb1ELb0ELb1EEEE21_M_insert_unique_nodeEmmPNSA_10_Hash_nodeIS8_Lb1EEEm
FN:2316,_ZNSt10_HashtableINSt7__cxx1112basic_stringIcSt11char_traitsIcESaIcEEESt4pairIKS5_S5_ESaIS8_ENSt8__detail10_Select1stESt8equal_toIS5_ESt4hashIS5_ENSA_18_Mod_range_hashingENSA_20_Default_ranged_hashENSA_20_Prime_rehash_policyENSA_17_Hashtable_traitsILb1ELb0ELb1EEEE5clearEv
FNDA:8,_ZNSt10_HashtableINSt7__cxx1112basic_stringIcSt11char_traitsIcESaIcEEESt4pairIKS5_S5_ESaIS8_ENSt8__detail10_Select1stESt8equal_toIS5_ESt4hashIS5_ENSA_18_Mod_range_hashingENSA_20_Default_ranged_hashENSA_20_Prime_rehash_policyENSA_17_Hashtable_traitsILb1ELb0ELb1EEEE5clearEv
FN:2355,_ZNSt10_HashtableINSt7__cxx1112basic_stringIcSt11char_traitsIcESaIcEEESt4pairIKS5_S5_ESaIS8_ENSt8__detail10_Select1stESt8equal_toIS5_ESt4hashIS5_ENSA_18_Mod_range_hashingENSA_20_Default_ranged_hashENSA_20_Prime_rehash_policyENSA_17_Hashtable_traitsILb1ELb0ELb1EEEE9_M_rehashEmRKm
FNDA:2,_ZNSt10_HashtableINSt7__cxx1112basic_stringIcSt11char_traitsIcESaIcEEESt4pairIKS5_S5_ESaIS8_ENSt8__detail10_Select1stESt8equal_toIS5_ESt4hashIS5_ENSA_18_Mod_range_hashingENSA_20_Default_ranged_hashENSA_20_Prime_rehash_policyENSA_17_Hashtable_traitsILb1ELb0ELb1EEEE9_M_rehashEmRKm
FN:2378,_ZNSt10_HashtableINSt7__cxx1112basic_stringIcSt11char_traitsIcESaIcEEESt4pairIKS5_S5_ESaIS8_ENSt8__detail10_Select1stESt8equal_toIS5_ESt4hashIS5_ENSA_18_Mod_range_hashingENSA_20_Default_ranged_hashENSA_20_Prime_rehash_policyENSA_17_Hashtable_traitsILb1ELb0ELb1EEEE13_M_rehash_auxEmSt17integral_constantIbLb1EE
FNDA:2,_ZNSt10_HashtableINSt7__cxx1112basic_stringIcSt11char_traitsIcESaIcEEESt4pairIKS5_S5_ESaIS8_ENSt8__detail10_Select1stESt8equal_toIS5_ESt4hashIS5_ENSA_18_Mod_range_hashingENSA_20_Default_ranged_hashENSA_20_Prime_rehash_policyENSA_17_Hashtable_traitsILb1ELb0ELb1EEEE13_M_rehash_auxEmSt17integral_constantIbLb1EE
DA:302,16
DA:303,16
DA:304,16
DA:305,16
DA:308,16
DA:421,4
DA:422,4
DA:432,2
DA:434,2
DA:436,0
DA:437,0
DA:440,2
DA:444,4
DA:446,4
DA:447,2
DA:449,2
DA:453,4
DA:454,4
DA:462,10
DA:463,10
DA:528,2
DA:629,126
DA:630,126
DA:790,8
DA:791,8
DA:794,244
DA:795,244
DA:807,242
DA:810,242
DA:811,242
DA:812,222
DA:813,20
DA:1528,2
DA:1532,2
DA:1533,2
DA:1534,2
DA:1588,126
DA:1593,126
DA:1594,126
DA:1595,126
DA:1827,242
DA:1833,242
DA:1834,242
DA:1835,20
DA:1837,222
DA:1838,0
DA:1840,222
DA:1841,222
DA:1843,0
DA:1844,0
DA:1845,0
DA:1848,0
DA:1886,16
DA:1890,16
DA:1894,0
DA:1895,0
DA:1902,16
DA:1903,16
DA:1905,16
DA:1908,8
DA:1910,16
DA:1912,16
DA:2008,16
DA:2014,16
DA:2016,16
DA:2019,16
DA:2021,2
DA:2022,2
DA:2025,16
DA:2028,16
DA:2029,16
DA:2030,16
DA:2316,8
DA:2320,8
DA:2321,8
DA:2322,8
DA:2323,8
DA:2324,8
DA:2325,8
DA:2355,2
DA:2361,2
DA:2363,0
DA:2367,0
DA:2368,0
DA:2370,2
DA:2378,2
DA:2382,2
DA:2383,2
DA:2384,2
DA:2385,2
DA:2386,2
DA:2388,0
DA:2390,0
DA:2391,0
DA:2393,0
DA:2394,0
DA:2395,0
DA:2396,0
DA:2397,0
DA:2398,0
DA:2402,0
DA:2403,0
DA:2406,0
DA:2409,2
DA:2410,2
DA:2411,2
DA:2412,2
end_of_record
SF:/usr/include/c++/11/bits/functional_hash.h
FN:196,_ZNSt10_Hash_impl4hashEPKvmm
FNDA:0,_ZNSt10_Hash_impl4hashEPKvmm
DA:196,0
DA:198,0
end_of_record
SF:/usr/include/c++/11/bits/stl_function.h
FN:369,_ZNKSt8equal_toINSt7__cxx1112basic_stringIcSt11char_traitsIcESaIcEEEEclERKS5_S8_
FNDA:0,_ZNKSt8equal_toINSt7__cxx1112basic_stringIcSt11char_traitsIcESaIcEEEEclERKS5_S8_
DA:369,0
DA:370,0
end_of_record
SF:/usr/include/c++/11/bits/stl_pair.h
end_of_record
SF:/usr/include/c++/11/bits/char_traits.h
FN:106,_ZN9__gnu_cxx11char_traitsIcE2eqERKcS3_
FNDA:0,_ZN9__gnu_cxx11char_traitsIcE2eqERKcS3_
FN:167,_ZN9__gnu_cxx11char_traitsIcE6lengthEPKc
FNDA:0,_ZN9__gnu_cxx11char_traitsIcE6lengthEPKc
FN:364,_ZNSt11char_traitsIcE2ltERKcS2_
FNDA:0,_ZNSt11char_traitsIcE2ltERKcS2_
FN:372,_ZNSt11char_traitsIcE7compareEPKcS2_m
FNDA:0,_ZNSt11char_traitsIcE7compareEPKcS2_m
FN:393,_ZNSt11char_traitsIcE6lengthEPKc
FNDA:0,_ZNSt11char_traitsIcE6lengthEPKc
FN:429,_ZNSt11char_traitsIcE4copyEPcPKcm
FNDA:0,_ZNSt11char_traitsIcE4copyEPcPKcm
DA:106,0
DA:107,0
DA:167,0
DA:170,0
DA:171,0
DA:172,0
DA:173,0
DA:290,0
DA:364,0
DA:367,0
DA:368,0
DA:372,0
DA:374,0
DA:375,0
DA:377,0
DA:379,0
DA:381,0
DA:382,0
DA:383,0
DA:384,0
DA:385,0
DA:386,0
DA:389,0
DA:393,0
DA:396,0
DA:397,0
DA:399,0
DA:429,0
DA:431,0
DA:432,0
DA:437,0
end_of_record
SF:/usr/include/c++/11/bits/move.h
FN:49,_ZSt11__addressofINSt8__detail10_Hash_nodeISt4pairIKNSt7__cxx1112basic_stringIcSt11char_traitsIcESaIcEEES8_ELb1EEEEPT_RSC_
FNDA:16,_ZSt11__addressofINSt8__detail10_Hash_nodeISt4pairIKNSt7__cxx1112basic_stringIcSt11char_traitsIcESaIcEEES8_ELb1EEEEPT_RSC_
FN:49,_ZSt11__addressofIPNSt8__detail15_Hash_node_baseEEPT_RS3_
FNDA:0,_ZSt11__addressofIPNSt8__detail15_Hash_node_baseEEPT_RS3_
FN:77,_ZSt7forwardIRKNSt7__cxx1112basic_stringIcSt11char_traitsIcESaIcEEEEOT_RNSt16remove_referenceIS8_E4typeE
FNDA:16,_ZSt7forwardIRKNSt7__cxx1112basic_stringIcSt11char_traitsIcESaIcEEEEOT_RNSt16remove_referenceIS8_E4typeE
FN:77,_ZSt7forwardIRKSt4pairIKNSt7__cxx1112basic_stringIcSt11char_traitsIcESaIcEEES6_EEOT_RNSt16remove_referenceISB_E4typeE
FNDA:222,_ZSt7forwardIRKSt4pairIKNSt7__cxx1112basic_stringIcSt11char_traitsIcESaIcEEES6_EEOT_RNSt16remove_referenceISB_E4typeE
FN:77,_ZSt7forwardISt5tupleIJEEEOT_RNSt16remove_referenceIS2_E4typeE
FNDA:64,_ZSt7forwardISt5tupleIJEEEOT_RNSt16remove_referenceIS2_E4typeE
FN:77,_ZSt7forwardISt5tupleIJRKNSt7__cxx1112basic_stringIcSt11char_traitsIcESaIcEEEEEEOT_RNSt16remove_referenceISA_E4typeE
FNDA:64,_ZSt7forwardISt5tupleIJRKNSt7__cxx1112basic_stringIcSt11char_traitsIcESaIcEEEEEEOT_RNSt16remove_referenceISA_E4typeE
FN:77,_ZSt7forwardIRKSt21piecewise_construct_tEOT_RNSt16remove_referenceIS3_E4typeE
FNDA:64,_ZSt7forwardIRKSt21piecewise_construct_tEOT_RNSt16remove_referenceIS3_E4typeE
FN:104,_ZSt4moveIRNSt7__cxx1112basic_stringIcSt11char_traitsIcESaIcEEEEONSt16remove_referenceIT_E4typeEOS8_
FNDA:0,_ZSt4moveIRNSt7__cxx1112basic_stringIcSt11char_traitsIcESaIcEEEEONSt16remove_referenceIT_E4typeEOS8_
FN:104,_ZSt4moveIRSaIcEEONSt16remove_referenceIT_E4typeEOS3_
FNDA:0,_ZSt4moveIRSaIcEEONSt16remove_referenceIT_E4typeEOS3_
FN:145,_ZSt9addressofINSt8__detail10_Hash_nodeISt4pairIKNSt7__cxx1112basic_stringIcSt11char_traitsIcESaIcEEES8_ELb1EEEEPT_RSC_
FNDA:16,_ZSt9addressofINSt8__detail10_Hash_nodeISt4pairIKNSt7__cxx1112basic_stringIcSt11char_traitsIcESaIcEEES8_ELb1EEEEPT_RSC_
FN:145,_ZSt9addressofIPNSt8__detail15_Hash_node_baseEEPT_RS3_
FNDA:0,_ZSt9addressofIPNSt8__detail15_Hash_node_baseEEPT_RS3_
DA:49,16
DA:50,16
DA:49,0
DA:50,0
DA:77,16
DA:78,16
DA:77,222
DA:78,222
DA:77,64
DA:78,64
DA:77,64
DA:78,64
DA:77,64
DA:78,64
DA:104,0
DA:105,0
DA:104,0
DA:105,0
DA:145,16
DA:146,16
DA:145,0
DA:146,0
end_of_record
SF:/usr/include/c++/11/bits/stl_iterator_base_types.h
FN:238,_ZSt19__iterator_categoryIPcENSt15iterator_traitsIT_E17iterator_categoryERKS2_
FNDA:0,_ZSt19__iterator_categoryIPcENSt15iterator_traitsIT_E17iterator_categoryERKS2_
FN:238,_ZSt19__iterator_categoryIPKcENSt15iterator_traitsIT_E17iterator_categoryERKS3_
FNDA:0,_ZSt19__iterator_categoryIPKcENSt15iterator_traitsIT_E17iterator_categoryERKS3_
DA:238,0
DA:239,0
DA:238,0
DA:239,0
end_of_record
SF:/usr/include/c++/11/bits/ptr_traits.h
FN:149,_ZNSt14pointer_traitsIPNSt8__detail10_Hash_nodeISt4pairIKNSt7__cxx1112basic_stringIcSt11char_traitsIcESaIcEEES8_ELb1EEEE10pointer_toERSB_
FNDA:16,_ZNSt14pointer_traitsIPNSt8__detail10_Hash_nodeISt4pairIKNSt7__cxx1112basic_stringIcSt11char_traitsIcESaIcEEES8_ELb1EEEE10pointer_toERSB_
FN:149,_ZNSt14pointer_traitsIPPNSt8__detail15_Hash_node_baseEE10pointer_toERS2_
FNDA:0,_ZNSt14pointer_traitsIPPNSt8__detail15_Hash_node_baseEE10pointer_toERS2_
FN:159,_ZSt12__to_addressIPNSt8__detail15_Hash_node_baseEEPT_S4_
FNDA:0,_ZSt12__to_addressIPNSt8__detail15_Hash_node_baseEEPT_S4_
FN:159,_ZSt12__to_addressINSt8__detail10_Hash_nodeISt4pairIKNSt7__cxx1112basic_stringIcSt11char_traitsIcESaIcEEES8_ELb1EEEEPT_SD_
FNDA:16,_ZSt12__to_addressINSt8__detail10_Hash_nodeISt4pairIKNSt7__cxx1112basic_stringIcSt11char_traitsIcESaIcEEES8_ELb1EEEEPT_SD_
DA:149,16
DA:150,16
DA:149,0
DA:150,0
DA:159,0
DA:162,0
DA:159,16
DA:162,16
end_of_record
SF:/usr/include/c++/11/bits/basic_string.tcc
FN:206,_ZNSt7__cxx1112basic_stringIcSt11char_traitsIcESaIcEE12_M_constructIPcEEvT_S7_St20forward_iterator_tag
FNDA:0,_ZNSt7__cxx1112basic_stringIcSt11char_traitsIcESaIcEE12_M_constructIPcEEvT_S7_St20forward_iterator_tag
FN:206,_ZNSt7__cxx1112basic_stringIcSt11char_traitsIcESaIcEE12_M_constructIPKcEEvT_S8_St20forward_iterator_tag
FNDA:0,_ZNSt7__cxx1112basic_stringIcSt11char_traitsIcESaIcEE12_M_constructIPKcEEvT_S8_St20forward_iterator_tag
FN:1169,_ZStplIcSt11char_traitsIcESaIcEENSt7__cxx1112basic_stringIT_T0_T1_EEPKS5_RKS8_
FNDA:56,_ZStplIcSt11char_traitsIcESaIcEENSt7__cxx1112basic_stringIT_T0_T1_EEPKS5_RKS8_
DA:206,0
DA:211,0
DA:212,0
DA:215,0
DA:217,0
DA:219,0
DA:220,0
DA:225,0
DA:226,0
DA:228,0
DA:229,0
DA:232,0
DA:233,0
DA:206,0
DA:211,0
DA:212,0
DA:215,0
DA:217,0
DA:219,0
DA:220,0
DA:225,0
DA:226,0
DA:228,0
DA:229,0
DA:232,0
DA:233,0
DA:1169,56
DA:1178,56
DA:1179,112
DA:1181,56
DA:1182,56
DA:1183,56
DA:1184,56
DA:1185,0
end_of_record
SF:/usr/include/c++/11/bits/basic_string.h
FN:251,_ZNSt7__cxx1112basic_stringIcSt11char_traitsIcESaIcEE16_M_construct_auxIPcEEvT_S7_St12__false_type
FNDA:0,_ZNSt7__cxx1112basic_stringIcSt11char_traitsIcESaIcEE16_M_construct_auxIPcEEvT_S7_St12__false_type
FN:271,_ZNSt7__cxx1112basic_stringIcSt11char_traitsIcESaIcEE12_M_constructIPcEEvT_S7_
FNDA:0,_ZNSt7__cxx1112basic_stringIcSt11char_traitsIcESaIcEE12_M_constructIPcEEvT_S7_
FN:533,_ZNSt7__cxx1112basic_stringIcSt11char_traitsIcESaIcEEC2IS3_EEPKcRKS3_
FNDA:0,_ZNSt7__cxx1112basic_stringIcSt11char_traitsIcESaIcEEC2IS3_EEPKcRKS3_
FN:6206,_ZStplIcSt11char_traitsIcESaIcEENSt7__cxx1112basic_stringIT_T0_T1_EEOS8_PKS5_
FNDA:0,_ZStplIcSt11char_traitsIcESaIcEENSt7__cxx1112basic_stringIT_T0_T1_EEOS8_PKS5_
FN:6234,_ZSteqIcEN9__gnu_cxx11__enable_ifIXsrSt9__is_charIT_E7__valueEbE6__typeERKNSt7__cxx1112basic_stringIS3_St11char_traitsIS3_ESaIS3_EEESE_
FNDA:0,_ZSteqIcEN9__gnu_cxx11__enable_ifIXsrSt9__is_charIT_E7__valueEbE6__typeERKNSt7__cxx1112basic_stringIS3_St11char_traitsIS3_ESaIS3_EEESE_
FN:6289,_ZSteqIcSt11char_traitsIcESaIcEEbPKT_RKNSt7__cxx1112basic_stringIS3_T0_T1_EE
FNDA:200,_ZSteqIcSt11char_traitsIcESaIcEEbPKT_RKNSt7__cxx1112basic_stringIS3_T0_T1_EE
FN:6315,_ZStneIcSt11char_traitsIcESaIcEEbPKT_RKNSt7__cxx1112basic_stringIS3_T0_T1_EE
FNDA:186,_ZStneIcSt11char_traitsIcESaIcEEbPKT_RKNSt7__cxx1112basic_stringIS3_T0_T1_EE
FN:6875,_ZNKSt4hashINSt7__cxx1112basic_stringIcSt11char_traitsIcESaIcEEEEclERKS5_
FNDA:0,_ZNKSt4hashINSt7__cxx1112basic_stringIcSt11char_traitsIcESaIcEEEEclERKS5_
DA:251,0
DA:255,0
DA:256,0
DA:271,0
DA:274,0
DA:275,0
DA:533,0
DA:534,0
DA:536,0
DA:539,0
DA:540,0
DA:6206,0
DA:6208,0
DA:6234,0
DA:6236,0
DA:6237,0
DA:6238,0
DA:6289,200
DA:6291,200
DA:6315,186
DA:6317,186
DA:6875,0
DA:6876,0
end_of_record
SF:/usr/include/c++/11/bits/stl_iterator_base_funcs.h
FN:98,_ZSt10__distanceIPcENSt15iterator_traitsIT_E15difference_typeES2_S2_St26random_access_iterator_tag
FNDA:0,_ZSt10__distanceIPcENSt15iterator_traitsIT_E15difference_typeES2_S2_St26random_access_iterator_tag
FN:98,_ZSt10__distanceIPKcENSt15iterator_traitsIT_E15difference_typeES3_S3_St26random_access_iterator_tag
FNDA:0,_ZSt10__distanceIPKcENSt15iterator_traitsIT_E15difference_typeES3_S3_St26random_access_iterator_tag
FN:138,_ZSt8distanceIPcENSt15iterator_traitsIT_E15difference_typeES2_S2_
FNDA:0,_ZSt8distanceIPcENSt15iterator_traitsIT_E15difference_typeES2_S2_
FN:138,_ZSt8distanceIPKcENSt15iterator_traitsIT_E15difference_typeES3_S3_
FNDA:0,_ZSt8distanceIPKcENSt15iterator_traitsIT_E15difference_typeES3_S3_
DA:98,0
DA:104,0
DA:98,0
DA:104,0
DA:138,0
DA:141,0
DA:142,0
DA:138,0
DA:141,0
DA:142,0
end_of_record
SF:/home/hksong/hksong/prjs/myftpserver/src/user_info.cpp
FN:15,_ZN11MyFtpServer9User_InfoC2Ev
FNDA:58,_ZN11MyFtpServer9User_InfoC2Ev
FN:17,_ZN11MyFtpServer9User_Info5loginEv
FNDA:56,_ZN11MyFtpServer9User_Info5loginEv
FN:22,_ZN11MyFtpServer9User_Info6logoutEv
FNDA:54,_ZN11MyFtpServer9User_Info6logoutEv
FN:27,_ZN11MyFtpServer9User_Info15get_current_dirB5cxx11Ev
FNDA:20,_ZN11MyFtpServer9User_Info15get_current_dirB5cxx11Ev
FN:31,_ZN11MyFtpServer9User_Info15set_current_dirENSt7__cxx1112basic_stringIcSt11char_traitsIcESaIcEEE
FNDA:2,_ZN11MyFtpServer9User_Info15set_current_dirENSt7__cxx1112basic_stringIcSt11char_traitsIcESaIcEEE
FN:36,_ZN11MyFtpServer9User_Info12set_usernameENSt7__cxx1112basic_stringIcSt11char_traitsIcESaIcEEE
FNDA:60,_ZN11MyFtpServer9User_Info12set_usernameENSt7__cxx1112basic_stringIcSt11char_traitsIcESaIcEEE
FN:44,_ZN11MyFtpServer9User_Info12get_usernameB5cxx11Ev
FNDA:58,_ZN11MyFtpServer9User_Info12get_usernameB5cxx11Ev
FN:48,_ZN11MyFtpServer9User_Info14init_users_mapEv
FNDA:58,_ZN11MyFtpServer9User_Info14init_users_mapEv
FN:62,_ZN11MyFtpServer9User_Info15clear_users_mapEv
FNDA:6,_ZN11MyFtpServer9User_Info15clear_users_mapEv
FN:66,_ZN11MyFtpServer9User_Info14check_usernameENSt7__cxx1112basic_stringIcSt11char_traitsIcESaIcEEE
FNDA:62,_ZN11MyFtpServer9User_Info14check_usernameENSt7__cxx1112basic_stringIcSt11char_traitsIcESaIcEEE
FN:76,_ZN11MyFtpServer9User_Info10check_userENSt7__cxx1112basic_stringIcSt11char_traitsIcESaIcEEES6_
FNDA:64,_ZN11MyFtpServer9User_Info10check_userENSt7__cxx1112basic_stringIcSt11char_traitsIcESaIcEEES6_
DA:15,58
DA:17,56
DA:18,56
DA:19,56
DA:21,56
DA:22,54
DA:23,54
DA:24,54
DA:25,54
DA:26,54
DA:27,20
DA:28,20
DA:31,2
DA:32,2
DA:33,2
DA:36,60
DA:37,60
DA:38,60
DA:39,60
DA:41,0
DA:44,58
DA:45,58
DA:48,58
DA:49,58
DA:50,58
DA:51,0
DA:52,0
DA:54,58
DA:55,174
DA:56,116
DA:58,58
DA:59,58
DA:60,58
DA:62,6
DA:63,6
DA:64,6
DA:66,62
DA:67,62
DA:68,62
DA:69,62
DA:70,60
DA:73,2
DA:76,64
DA:77,64
DA:78,64
DA:79,64
DA:81,62
DA:82,62
DA:85,4
DA:89,2
end_of_record
SF:/usr/include/c++/11/ext/alloc_traits.h
FN:97,_ZN9__gnu_cxx14__alloc_traitsISaIcEcE17_S_select_on_copyERKS1_
FNDA:56,_ZN9__gnu_cxx14__alloc_traitsISaIcEcE17_S_select_on_copyERKS1_
DA:97,56
DA:98,56
end_of_record
SF:/usr/include/c++/11/ext/type_traits.h
FN:152,_ZN9__gnu_cxx17__is_null_pointerIcEEbPT_
FNDA:0,_ZN9__gnu_cxx17__is_null_pointerIcEEbPT_
FN:152,_ZN9__gnu_cxx17__is_null_pointerIKcEEbPT_
FNDA:0,_ZN9__gnu_cxx17__is_null_pointerIKcEEbPT_
DA:152,0
DA:153,0
DA:152,0
DA:153,0
end_of_record
SF:/usr/include/c++/11/bits/allocator.h
FN:156,_ZNSaINSt8__detail10_Hash_nodeISt4pairIKNSt7__cxx1112basic_stringIcSt11char_traitsIcESaIcEEES7_ELb1EEEEC2Ev
FNDA:2,_ZNSaINSt8__detail10_Hash_nodeISt4pairIKNSt7__cxx1112basic_stringIcSt11char_traitsIcESaIcEEES7_ELb1EEEEC2Ev
FN:169,_ZNSaIPNSt8__detail15_Hash_node_baseEEC2INS_10_Hash_nodeISt4pairIKNSt7__cxx1112basic_stringIcSt11char_traitsIcESaIcEEESB_ELb1EEEEERKSaIT_E
FNDA:4,_ZNSaIPNSt8__detail15_Hash_node_baseEEC2INS_10_Hash_nodeISt4pairIKNSt7__cxx1112basic_stringIcSt11char_traitsIcESaIcEEESB_ELb1EEEEERKSaIT_E
FN:174,_ZNSaIPNSt8__detail15_Hash_node_baseEED2Ev
FNDA:0,_ZNSaIPNSt8__detail15_Hash_node_baseEED2Ev
FN:174,_ZNSaINSt8__detail10_Hash_nodeISt4pairIKNSt7__cxx1112basic_stringIcSt11char_traitsIcESaIcEEES7_ELb1EEEED2Ev
FNDA:2,_ZNSaINSt8__detail10_Hash_nodeISt4pairIKNSt7__cxx1112basic_stringIcSt11char_traitsIcESaIcEEES7_ELb1EEEED2Ev
DA:156,2
DA:169,4
DA:174,0
DA:174,2
end_of_record
TN:
SF:/usr/include/ace/Base_Thread_Adapter.h
FN:54,_ZN24ACE_OS_Thread_DescriptorD0Ev
FNDA:0,_ZN24ACE_OS_Thread_DescriptorD0Ev
FN:54,_ZN24ACE_OS_Thread_DescriptorD2Ev
FNDA:0,_ZN24ACE_OS_Thread_DescriptorD2Ev
DA:54,0
DA:54,0
end_of_record
SF:/usr/include/ace/FILE_Addr.h
end_of_record
SF:/usr/include/c++/11/iostream
end_of_record
SF:/usr/include/c++/11/bits/move.h
FN:104,_ZSt4moveIRSaIcEEONSt16remove_referenceIT_E4typeEOS3_
FNDA:0,_ZSt4moveIRSaIcEEONSt16remove_referenceIT_E4typeEOS3_
DA:104,0
DA:105,0
end_of_record
SF:/usr/include/ace/FILE.h
end_of_record
SF:/usr/include/c++/11/bits/basic_string.h
end_of_record
SF:/usr/include/ace/OS_NS_unistd.inl
FN:1252,_ZN6ACE_OS5writeEiPKvm
FNDA:0,_ZN6ACE_OS5writeEiPKvm
DA:1252,0
DA:1271,0
end_of_record
SF:/usr/include/ace/IPC_SAP.inl
FN:7,_ZN11ACE_IPC_SAPD2Ev
FNDA:0,_ZN11ACE_IPC_SAPD2Ev
FN:13,_ZNK11ACE_IPC_SAP10get_handleEv
FNDA:0,_ZNK11ACE_IPC_SAP10get_handleEv
DA:7,0
DA:10,0
DA:13,0
DA:16,0
end_of_record
SF:/usr/include/ace/FILE_IO.inl
FN:72,_ZNK11ACE_FILE_IO4sendEPKvm
FNDA:0,_ZNK11ACE_FILE_IO4sendEPKvm
DA:72,0
DA:75,0
end_of_record
SF:/usr/include/ace/SOCK_Stream.inl
FN:8,_ZN15ACE_SOCK_StreamC2Ev
FNDA:0,_ZN15ACE_SOCK_StreamC2Ev
FN:21,_ZN15ACE_SOCK_StreamD2Ev
FNDA:0,_ZN15ACE_SOCK_StreamD2Ev
DA:8,0
DA:11,0
DA:21,0
DA:24,0
end_of_record
SF:/home/hksong/hksong/prjs/myftpserver/src/data_handler.cpp
FN:26,_ZN11MyFtpServer12Data_HandlerC2ERKNSt7__cxx1112basic_stringIcSt11char_traitsIcESaIcEEERKiSA_
FNDA:8,_ZN11MyFtpServer12Data_HandlerC2ERKNSt7__cxx1112basic_stringIcSt11char_traitsIcESaIcEEERKiSA_
FN:42,_ZN11MyFtpServer12Data_HandlerD0Ev
FNDA:10,_ZN11MyFtpServer12Data_HandlerD0Ev
FN:42,_ZN11MyFtpServer12Data_HandlerD2Ev
FNDA:10,_ZN11MyFtpServer12Data_HandlerD2Ev
FN:55,_ZN11MyFtpServer12Data_Handler14data_link_initEv
FNDA:2,_ZN11MyFtpServer12Data_Handler14data_link_initEv
FN:63,_ZN11MyFtpServer12Data_Handler14file_link_initEb
FNDA:4,_ZN11MyFtpServer12Data_Handler14file_link_initEb
FN:94,_ZN11MyFtpServer12Data_Handler9send_fileEv
FNDA:2,_ZN11MyFtpServer12Data_Handler9send_fileEv
FN:125,_ZN11MyFtpServer12Data_Handler9recv_fileEv
FNDA:0,_ZN11MyFtpServer12Data_Handler9recv_fileEv
DA:26,8
DA:27,8
DA:28,8
DA:29,8
DA:30,8
DA:32,8
DA:33,8
DA:35,0
DA:37,8
DA:38,8
DA:39,8
DA:40,8
DA:42,10
DA:54,10
DA:42,10
DA:44,10
DA:45,0
DA:46,10
DA:47,0
DA:48,10
DA:49,10
DA:50,2
DA:51,10
DA:52,10
DA:53,10
DA:54,10
DA:55,2
DA:56,2
DA:57,2
DA:58,2
DA:59,2
DA:61,0
DA:62,2
DA:63,4
DA:65,4
DA:66,4
DA:67,4
DA:68,2
DA:69,4
DA:78,2
DA:79,2
DA:81,0
DA:82,0
DA:85,4
DA:87,0
DA:88,0
DA:91,4
DA:94,2
DA:96,2
DA:97,0
DA:99,2
DA:101,2
DA:102,2
DA:104,0
DA:105,0
DA:106,0
DA:107,0
DA:110,0
DA:111,0
DA:112,0
DA:114,0
DA:115,0
DA:117,0
DA:119,0
DA:120,0
DA:121,0
DA:125,0
DA:127,0
DA:128,0
DA:129,0
DA:131,0
DA:132,0
DA:134,0
DA:136,0
DA:137,0
DA:138,0
DA:145,0
DA:148,0
DA:149,0
DA:151,0
DA:152,0
DA:154,0
DA:156,0
DA:157,0
DA:160,0
DA:161,0
DA:162,0
DA:164,0
end_of_record
SF:/usr/include/ace/FILE_IO.h
end_of_record
SF:/usr/include/ace/OS_NS_stdio.inl
FN:618,_ZN6ACE_OS5fopenEPKcS1_
FNDA:2,_ZN6ACE_OS5fopenEPKcS1_
DA:618,2
DA:621,2
end_of_record
SF:/usr/include/ace/IO_SAP.inl
FN:7,_ZN10ACE_IO_SAPD2Ev
FNDA:10,_ZN10ACE_IO_SAPD2Ev
FN:15,_ZNK10ACE_IO_SAP10get_handleEv
FNDA:2,_ZNK10ACE_IO_SAP10get_handleEv
DA:7,10
DA:10,10
DA:15,2
DA:18,2
end_of_record
SF:/usr/include/ace/SOCK_Connector.inl
FN:8,_ZN18ACE_SOCK_ConnectorD2Ev
FNDA:2,_ZN18ACE_SOCK_ConnectorD2Ev
FN:16,_ZN18ACE_SOCK_ConnectorC2Ev
FNDA:2,_ZN18ACE_SOCK_ConnectorC2Ev
DA:8,2
DA:11,2
DA:16,2
DA:19,2
end_of_record
SF:/usr/include/ace/Thread_Manager.inl
FN:72,_ZN26ACE_Thread_Descriptor_BaseD0Ev
FNDA:0,_ZN26ACE_Thread_Descriptor_BaseD0Ev
FN:72,_ZN26ACE_Thread_Descriptor_BaseD2Ev
FNDA:0,_ZN26ACE_Thread_Descriptor_BaseD2Ev
DA:72,0
DA:74,0
DA:72,0
DA:74,0
end_of_record
SF:/usr/include/c++/11/ext/new_allocator.h
FN:79,_ZN9__gnu_cxx13new_allocatorIcEC2Ev
FNDA:0,_ZN9__gnu_cxx13new_allocatorIcEC2Ev
FN:89,_ZN9__gnu_cxx13new_allocatorIcED2Ev
FNDA:0,_ZN9__gnu_cxx13new_allocatorIcED2Ev
DA:79,0
DA:89,0
end_of_record
SF:/usr/include/ace/SOCK_IO.inl
FN:9,_ZN11ACE_SOCK_IOC2Ev
FNDA:0,_ZN11ACE_SOCK_IOC2Ev
FN:15,_ZN11ACE_SOCK_IOD2Ev
FNDA:0,_ZN11ACE_SOCK_IOD2Ev
FN:35,_ZNK11ACE_SOCK_IO4recvEPvmPK14ACE_Time_Value
FNDA:0,_ZNK11ACE_SOCK_IO4recvEPvmPK14ACE_Time_Value
DA:9,0
DA:12,0
DA:15,0
DA:18,0
DA:35,0
DA:40,0
DA:43,0
end_of_record
SF:/usr/include/ace/SOCK.inl
FN:7,_ZN8ACE_SOCKD2Ev
FNDA:0,_ZN8ACE_SOCKD2Ev
DA:7,0
DA:10,0
end_of_record
TN:
SF:/usr/include/c++/11/ext/aligned_buffer.h
FN:64,_ZN9__gnu_cxx16__aligned_membufINSt7__cxx1112basic_stringIcSt11char_traitsIcESaIcEEEE7_M_addrEv
FNDA:868,_ZN9__gnu_cxx16__aligned_membufINSt7__cxx1112basic_stringIcSt11char_traitsIcESaIcEEEE7_M_addrEv
FN:72,_ZN9__gnu_cxx16__aligned_membufINSt7__cxx1112basic_stringIcSt11char_traitsIcESaIcEEEE6_M_ptrEv
FNDA:868,_ZN9__gnu_cxx16__aligned_membufINSt7__cxx1112basic_stringIcSt11char_traitsIcESaIcEEEE6_M_ptrEv
FN:102,_ZN9__gnu_cxx16__aligned_bufferIN11MyFtpServer9User_InfoEE7_M_addrEv
FNDA:156,_ZN9__gnu_cxx16__aligned_bufferIN11MyFtpServer9User_InfoEE7_M_addrEv
FN:102,_ZN9__gnu_cxx16__aligned_bufferISt4pairIKNSt7__cxx1112basic_stringIcSt11char_traitsIcESaIcEEEMN11MyFtpServer15Command_HandlerEFvRKNS9_9cmd_info_EEEE7_M_addrEv
FNDA:78,_ZN9__gnu_cxx16__aligned_bufferISt4pairIKNSt7__cxx1112basic_stringIcSt11char_traitsIcESaIcEEEMN11MyFtpServer15Command_HandlerEFvRKNS9_9cmd_info_EEEE7_M_addrEv
FN:108,_ZNK9__gnu_cxx16__aligned_bufferISt4pairIKNSt7__cxx1112basic_stringIcSt11char_traitsIcESaIcEEEMN11MyFtpServer15Command_HandlerEFvRKNS9_9cmd_info_EEEE7_M_addrEv
FNDA:2,_ZNK9__gnu_cxx16__aligned_bufferISt4pairIKNSt7__cxx1112basic_stringIcSt11char_traitsIcESaIcEEEMN11MyFtpServer15Command_HandlerEFvRKNS9_9cmd_info_EEEE7_M_addrEv
FN:114,_ZN9__gnu_cxx16__aligned_bufferIN11MyFtpServer9User_InfoEE6_M_ptrEv
FNDA:156,_ZN9__gnu_cxx16__aligned_bufferIN11MyFtpServer9User_InfoEE6_M_ptrEv
FN:114,_ZN9__gnu_cxx16__aligned_bufferISt4pairIKNSt7__cxx1112basic_stringIcSt11char_traitsIcESaIcEEEMN11MyFtpServer15Command_HandlerEFvRKNS9_9cmd_info_EEEE6_M_ptrEv
FNDA:78,_ZN9__gnu_cxx16__aligned_bufferISt4pairIKNSt7__cxx1112basic_stringIcSt11char_traitsIcESaIcEEEMN11MyFtpServer15Command_HandlerEFvRKNS9_9cmd_info_EEEE6_M_ptrEv
FN:118,_ZNK9__gnu_cxx16__aligned_bufferISt4pairIKNSt7__cxx1112basic_stringIcSt11char_traitsIcESaIcEEEMN11MyFtpServer15Command_HandlerEFvRKNS9_9cmd_info_EEEE6_M_ptrEv
FNDA:2,_ZNK9__gnu_cxx16__aligned_bufferISt4pairIKNSt7__cxx1112basic_stringIcSt11char_traitsIcESaIcEEEMN11MyFtpServer15Command_HandlerEFvRKNS9_9cmd_info_EEEE6_M_ptrEv
DA:64,868
DA:65,868
DA:72,868
DA:73,868
DA:102,156
DA:104,156
DA:102,78
DA:104,78
DA:108,2
DA:110,2
DA:114,156
DA:115,156
DA:114,78
DA:115,78
DA:118,2
DA:119,2
end_of_record
SF:/usr/include/ace/Thread_Mutex.inl
FN:54,_ZN16ACE_Thread_Mutex7acquireEv
FNDA:0,_ZN16ACE_Thread_Mutex7acquireEv
FN:82,_ZN16ACE_Thread_Mutex7releaseEv
FNDA:0,_ZN16ACE_Thread_Mutex7releaseEv
DA:54,0
DA:57,0
DA:82,0
DA:85,0
end_of_record
SF:/usr/include/ace/INET_Addr.inl
FN:81,_ZNK13ACE_INET_Addr15get_port_numberEv
FNDA:4,_ZNK13ACE_INET_Addr15get_port_numberEv
DA:81,4
DA:85,4
DA:86,4
DA:88,0
end_of_record
SF:/usr/include/c++/11/bits/enable_special_members.h
FN:67,_ZNSt27_Enable_default_constructorILb1ENSt8__detail15_Hash_node_baseEEC2ESt31_Enable_default_constructor_tag
FNDA:2,_ZNSt27_Enable_default_constructorILb1ENSt8__detail15_Hash_node_baseEEC2ESt31_Enable_default_constructor_tag
DA:67,2
end_of_record
SF:/usr/include/c++/11/utility
FN:188,_ZNSt10__pair_getILm0EE11__const_getIKNSt7__cxx1112basic_stringIcSt11char_traitsIcESaIcEEEMN11MyFtpServer15Command_HandlerEFvRKNS9_9cmd_info_EEEERKT_RKSt4pairISG_T0_E
FNDA:40,_ZNSt10__pair_getILm0EE11__const_getIKNSt7__cxx1112basic_stringIcSt11char_traitsIcESaIcEEEMN11MyFtpServer15Command_HandlerEFvRKNS9_9cmd_info_EEEERKT_RKSt4pairISG_T0_E
FN:233,_ZSt3getILm0EKNSt7__cxx1112basic_stringIcSt11char_traitsIcESaIcEEEMN11MyFtpServer15Command_HandlerEFvRKNS7_9cmd_info_EEERKNSt13tuple_elementIXT_ESt4pairIT0_T1_EE4typeERKSI_
FNDA:40,_ZSt3getILm0EKNSt7__cxx1112basic_stringIcSt11char_traitsIcESaIcEEEMN11MyFtpServer15Command_HandlerEFvRKNS7_9cmd_info_EEERKNSt13tuple_elementIXT_ESt4pairIT0_T1_EE4typeERKSI_
DA:188,40
DA:189,40
DA:233,40
DA:234,40
end_of_record
SF:/usr/include/ace/Thread_Manager.inl
FN:72,_ZN26ACE_Thread_Descriptor_BaseD0Ev
FNDA:0,_ZN26ACE_Thread_Descriptor_BaseD0Ev
FN:72,_ZN26ACE_Thread_Descriptor_BaseD2Ev
FNDA:0,_ZN26ACE_Thread_Descriptor_BaseD2Ev
DA:72,0
DA:74,0
DA:72,0
DA:74,0
end_of_record
SF:/usr/include/ace/Numeric_Limits.h
FN:64,_ZN18ACE_Numeric_LimitsIiE3maxEv
FNDA:0,_ZN18ACE_Numeric_LimitsIiE3maxEv
DA:64,0
end_of_record
SF:/usr/include/ace/Truncate.h
FN:308,_ZN9ACE_Utils15Fast_ComparatorImmE12greater_thanEmm
FNDA:0,_ZN9ACE_Utils15Fast_ComparatorImmE12greater_thanEmm
FN:393,_ZN9ACE_Utils9TruncatorImiEclEm
FNDA:0,_ZN9ACE_Utils9TruncatorImiEclEm
FN:449,_ZN9ACE_Utils13truncate_castIimEET_T0_
FNDA:0,_ZN9ACE_Utils13truncate_castIimEET_T0_
DA:308,0
DA:313,0
DA:393,0
DA:396,0
DA:397,0
DA:398,0
DA:449,0
DA:459,0
end_of_record
SF:/usr/include/ace/OS_NS_unistd.inl
FN:158,_ZN6ACE_OS5rmdirEPKc
FNDA:2,_ZN6ACE_OS5rmdirEPKc
DA:158,2
DA:167,2
end_of_record
SF:/usr/include/ace/SOCK_Stream.inl
FN:8,_ZN15ACE_SOCK_StreamC2Ev
FNDA:62,_ZN15ACE_SOCK_StreamC2Ev
FN:21,_ZN15ACE_SOCK_StreamD2Ev
FNDA:62,_ZN15ACE_SOCK_StreamD2Ev
DA:8,62
DA:11,62
DA:21,62
DA:24,62
end_of_record
SF:/usr/include/c++/11/bits/char_traits.h
FN:106,_ZN9__gnu_cxx11char_traitsIcE2eqERKcS3_
FNDA:0,_ZN9__gnu_cxx11char_traitsIcE2eqERKcS3_
FN:167,_ZN9__gnu_cxx11char_traitsIcE6lengthEPKc
FNDA:0,_ZN9__gnu_cxx11char_traitsIcE6lengthEPKc
FN:364,_ZNSt11char_traitsIcE2ltERKcS2_
FNDA:0,_ZNSt11char_traitsIcE2ltERKcS2_
FN:372,_ZNSt11char_traitsIcE7compareEPKcS2_m
FNDA:286,_ZNSt11char_traitsIcE7compareEPKcS2_m
FN:393,_ZNSt11char_traitsIcE6lengthEPKc
FNDA:782,_ZNSt11char_traitsIcE6lengthEPKc
FN:429,_ZNSt11char_traitsIcE4copyEPcPKcm
FNDA:0,_ZNSt11char_traitsIcE4copyEPcPKcm
DA:106,0
DA:107,0
DA:167,0
DA:170,0
DA:171,0
DA:172,0
DA:173,0
DA:290,782
DA:364,0
DA:367,0
DA:368,0
DA:372,286
DA:374,286
DA:375,0
DA:377,286
DA:379,286
DA:381,0
DA:382,0
DA:383,0
DA:384,0
DA:385,0
DA:386,0
DA:389,286
DA:393,782
DA:396,782
DA:397,0
DA:399,782
DA:429,0
DA:431,0
DA:432,0
DA:437,0
end_of_record
SF:/usr/include/c++/11/iostream
end_of_record
SF:/home/hksong/hksong/prjs/myftpserver/include/task_manager.h
end_of_record
SF:/usr/include/c++/11/bits/basic_string.h
FN:251,_ZNSt7__cxx1112basic_stringIcSt11char_traitsIcESaIcEE16_M_construct_auxIPcEEvT_S7_St12__false_type
FNDA:0,_ZNSt7__cxx1112basic_stringIcSt11char_traitsIcESaIcEE16_M_construct_auxIPcEEvT_S7_St12__false_type
FN:251,_ZNSt7__cxx1112basic_stringIcSt11char_traitsIcESaIcEE16_M_construct_auxIPKcEEvT_S8_St12__false_type
FNDA:0,_ZNSt7__cxx1112basic_stringIcSt11char_traitsIcESaIcEE16_M_construct_auxIPKcEEvT_S8_St12__false_type
FN:271,_ZNSt7__cxx1112basic_stringIcSt11char_traitsIcESaIcEE12_M_constructIPcEEvT_S7_
FNDA:0,_ZNSt7__cxx1112basic_stringIcSt11char_traitsIcESaIcEE12_M_constructIPcEEvT_S7_
FN:271,_ZNSt7__cxx1112basic_stringIcSt11char_traitsIcESaIcEE12_M_constructIPKcEEvT_S8_
FNDA:0,_ZNSt7__cxx1112basic_stringIcSt11char_traitsIcESaIcEE12_M_constructIPKcEEvT_S8_
FN:533,_ZNSt7__cxx1112basic_stringIcSt11char_traitsIcESaIcEEC2IS3_EEPKcRKS3_
FNDA:726,_ZNSt7__cxx1112basic_stringIcSt11char_traitsIcESaIcEEC2IS3_EEPKcRKS3_
FN:553,_ZNSt7__cxx1112basic_stringIcSt11char_traitsIcESaIcEEC2IS3_EEmcRKS3_
FNDA:2,_ZNSt7__cxx1112basic_stringIcSt11char_traitsIcESaIcEEC2IS3_EEmcRKS3_
FN:6095,_ZStplIcSt11char_traitsIcESaIcEENSt7__cxx1112basic_stringIT_T0_T1_EERKS8_SA_
FNDA:16,_ZStplIcSt11char_traitsIcESaIcEENSt7__cxx1112basic_stringIT_T0_T1_EERKS8_SA_
FN:6194,_ZStplIcSt11char_traitsIcESaIcEENSt7__cxx1112basic_stringIT_T0_T1_EEPKS5_OS8_
FNDA:8,_ZStplIcSt11char_traitsIcESaIcEENSt7__cxx1112basic_stringIT_T0_T1_EEPKS5_OS8_
FN:6206,_ZStplIcSt11char_traitsIcESaIcEENSt7__cxx1112basic_stringIT_T0_T1_EEOS8_PKS5_
FNDA:136,_ZStplIcSt11char_traitsIcESaIcEENSt7__cxx1112basic_stringIT_T0_T1_EEOS8_PKS5_
FN:6234,_ZSteqIcEN9__gnu_cxx11__enable_ifIXsrSt9__is_charIT_E7__valueEbE6__typeERKNSt7__cxx1112basic_stringIS3_St11char_traitsIS3_ESaIS3_EEESE_
FNDA:290,_ZSteqIcEN9__gnu_cxx11__enable_ifIXsrSt9__is_charIT_E7__valueEbE6__typeERKNSt7__cxx1112basic_stringIS3_St11char_traitsIS3_ESaIS3_EEESE_
FN:6679,_ZNSt7__cxx119to_stringEl
FNDA:2,_ZNSt7__cxx119to_stringEl
FN:6875,_ZNKSt4hashINSt7__cxx1112basic_stringIcSt11char_traitsIcESaIcEEEEclERKS5_
FNDA:284,_ZNKSt4hashINSt7__cxx1112basic_stringIcSt11char_traitsIcESaIcEEEEclERKS5_
DA:251,0
DA:255,0
DA:256,0
DA:251,0
DA:255,0
DA:256,0
DA:271,0
DA:274,0
DA:275,0
DA:271,0
DA:274,0
DA:275,0
DA:533,726
DA:534,726
DA:536,726
DA:539,726
DA:540,726
DA:553,2
DA:554,2
DA:555,2
DA:6095,16
DA:6098,16
DA:6099,16
DA:6100,16
DA:6101,0
DA:6194,8
DA:6196,8
DA:6206,136
DA:6208,136
DA:6234,290
DA:6236,290
DA:6237,290
DA:6238,290
DA:6679,2
DA:6681,2
DA:6682,2
DA:6683,2
DA:6684,2
DA:6685,2
DA:6686,2
DA:6687,0
DA:6875,284
DA:6876,284
end_of_record
SF:/usr/include/c++/11/bits/basic_string.tcc
FN:206,_ZNSt7__cxx1112basic_stringIcSt11char_traitsIcESaIcEE12_M_constructIPcEEvT_S7_St20forward_iterator_tag
FNDA:0,_ZNSt7__cxx1112basic_stringIcSt11char_traitsIcESaIcEE12_M_constructIPcEEvT_S7_St20forward_iterator_tag
FN:206,_ZNSt7__cxx1112basic_stringIcSt11char_traitsIcESaIcEE12_M_constructIPKcEEvT_S8_St20forward_iterator_tag
FNDA:736,_ZNSt7__cxx1112basic_stringIcSt11char_traitsIcESaIcEE12_M_constructIPKcEEvT_S8_St20forward_iterator_tag
DA:206,0
DA:211,0
DA:212,0
DA:215,0
DA:217,0
DA:219,0
DA:220,0
DA:225,0
DA:226,0
DA:228,0
DA:229,0
DA:232,0
DA:233,0
DA:206,736
DA:211,736
DA:212,0
DA:215,736
DA:217,736
DA:219,234
DA:220,234
DA:225,736
DA:226,0
DA:228,0
DA:229,0
DA:232,736
DA:233,736
end_of_record
SF:/usr/include/c++/11/ext/atomicity.h
DA:52,104
DA:66,0
DA:84,104
DA:85,104
DA:86,104
DA:98,104
DA:99,104
DA:101,0
end_of_record
SF:/usr/include/c++/11/bits/stl_list.h
FN:110,_ZNSt8__detail17_List_node_headerC2Ev
FNDA:54,_ZNSt8__detail17_List_node_headerC2Ev
FN:150,_ZNSt8__detail17_List_node_header7_M_initEv
FNDA:54,_ZNSt8__detail17_List_node_header7_M_initEv
FN:171,_ZNSt10_List_nodeINSt7__cxx1112basic_stringIcSt11char_traitsIcESaIcEEEE9_M_valptrEv
FNDA:868,_ZNSt10_List_nodeINSt7__cxx1112basic_stringIcSt11char_traitsIcESaIcEEEE9_M_valptrEv
FN:201,_ZNSt14_List_iteratorINSt7__cxx1112basic_stringIcSt11char_traitsIcESaIcEEEEC2EPNSt8__detail15_List_node_baseE
FNDA:856,_ZNSt14_List_iteratorINSt7__cxx1112basic_stringIcSt11char_traitsIcESaIcEEEEC2EPNSt8__detail15_List_node_baseE
FN:210,_ZNKSt14_List_iteratorINSt7__cxx1112basic_stringIcSt11char_traitsIcESaIcEEEEdeEv
FNDA:428,_ZNKSt14_List_iteratorINSt7__cxx1112basic_stringIcSt11char_traitsIcESaIcEEEEdeEv
FN:218,_ZNSt14_List_iteratorINSt7__cxx1112basic_stringIcSt11char_traitsIcESaIcEEEEppEv
FNDA:0,_ZNSt14_List_iteratorINSt7__cxx1112basic_stringIcSt11char_traitsIcESaIcEEEEppEv
FN:233,_ZNSt14_List_iteratorINSt7__cxx1112basic_stringIcSt11char_traitsIcESaIcEEEEmmEv
FNDA:220,_ZNSt14_List_iteratorINSt7__cxx1112basic_stringIcSt11char_traitsIcESaIcEEEEmmEv
FN:253,_ZStneRKSt14_List_iteratorINSt7__cxx1112basic_stringIcSt11char_traitsIcESaIcEEEES8_
FNDA:0,_ZStneRKSt14_List_iteratorINSt7__cxx1112basic_stringIcSt11char_traitsIcESaIcEEEES8_
FN:380,_ZNSt7__cxx1110_List_baseINS_12basic_stringIcSt11char_traitsIcESaIcEEESaIS5_EE10_List_implC2Ev
FNDA:54,_ZNSt7__cxx1110_List_baseINS_12basic_stringIcSt11char_traitsIcESaIcEEESaIS5_EE10_List_implC2Ev
FN:409,_ZNSt7__cxx1110_List_baseINS_12basic_stringIcSt11char_traitsIcESaIcEEESaIS5_EE11_M_inc_sizeEm
FNDA:220,_ZNSt7__cxx1110_List_baseINS_12basic_stringIcSt11char_traitsIcESaIcEEESaIS5_EE11_M_inc_sizeEm
FN:411,_ZNSt7__cxx1110_List_baseINS_12basic_stringIcSt11char_traitsIcESaIcEEESaIS5_EE11_M_dec_sizeEm
FNDA:208,_ZNSt7__cxx1110_List_baseINS_12basic_stringIcSt11char_traitsIcESaIcEEESaIS5_EE11_M_dec_sizeEm
FN:442,_ZNSt7__cxx1110_List_baseINS_12basic_stringIcSt11char_traitsIcESaIcEEESaIS5_EE11_M_get_nodeEv
FNDA:220,_ZNSt7__cxx1110_List_baseINS_12basic_stringIcSt11char_traitsIcESaIcEEESaIS5_EE11_M_get_nodeEv
FN:446,_ZNSt7__cxx1110_List_baseINS_12basic_stringIcSt11char_traitsIcESaIcEEESaIS5_EE11_M_put_nodeEPSt10_List_nodeIS5_E
FNDA:220,_ZNSt7__cxx1110_List_baseINS_12basic_stringIcSt11char_traitsIcESaIcEEESaIS5_EE11_M_put_nodeEPSt10_List_nodeIS5_E
FN:453,_ZNSt7__cxx1110_List_baseINS_12basic_stringIcSt11char_traitsIcESaIcEEESaIS5_EE21_M_get_Node_allocatorEv
FNDA:440,_ZNSt7__cxx1110_List_baseINS_12basic_stringIcSt11char_traitsIcESaIcEEESaIS5_EE21_M_get_Node_allocatorEv
FN:461,_ZNSt7__cxx1110_List_baseINS_12basic_stringIcSt11char_traitsIcESaIcEEESaIS5_EEC2Ev
FNDA:54,_ZNSt7__cxx1110_List_baseINS_12basic_stringIcSt11char_traitsIcESaIcEEESaIS5_EEC2Ev
FN:499,_ZNSt7__cxx1110_List_baseINS_12basic_stringIcSt11char_traitsIcESaIcEEESaIS5_EED2Ev
FNDA:54,_ZNSt7__cxx1110_List_baseINS_12basic_stringIcSt11char_traitsIcESaIcEEESaIS5_EED2Ev
FN:633,_ZNSt7__cxx114listINS_12basic_stringIcSt11char_traitsIcESaIcEEESaIS5_EE14_M_create_nodeIJRA2048_cEEEPSt10_List_nodeIS5_EDpOT_
FNDA:10,_ZNSt7__cxx114listINS_12basic_stringIcSt11char_traitsIcESaIcEEESaIS5_EE14_M_create_nodeIJRA2048_cEEEPSt10_List_nodeIS5_EDpOT_
FN:633,_ZNSt7__cxx114listINS_12basic_stringIcSt11char_traitsIcESaIcEEESaIS5_EE14_M_create_nodeIJRA82_KcEEEPSt10_List_nodeIS5_EDpOT_
FNDA:2,_ZNSt7__cxx114listINS_12basic_stringIcSt11char_traitsIcESaIcEEESaIS5_EE14_M_create_nodeIJRA82_KcEEEPSt10_List_nodeIS5_EDpOT_
FN:633,_ZNSt7__cxx114listINS_12basic_stringIcSt11char_traitsIcESaIcEEESaIS5_EE14_M_create_nodeIJRPKcEEEPSt10_List_nodeIS5_EDpOT_
FNDA:208,_ZNSt7__cxx114listINS_12basic_stringIcSt11char_traitsIcESaIcEEESaIS5_EE14_M_create_nodeIJRPKcEEEPSt10_List_nodeIS5_EDpOT_
FN:674,_ZNSt7__cxx114listINS_12basic_stringIcSt11char_traitsIcESaIcEEESaIS5_EEC2Ev
FNDA:54,_ZNSt7__cxx114listINS_12basic_stringIcSt11char_traitsIcESaIcEEESaIS5_EEC2Ev
FN:828,_ZNSt7__cxx114listINS_12basic_stringIcSt11char_traitsIcESaIcEEESaIS5_EED2Ev
FNDA:54,_ZNSt7__cxx114listINS_12basic_stringIcSt11char_traitsIcESaIcEEESaIS5_EED2Ev
FN:946,_ZNSt7__cxx114listINS_12basic_stringIcSt11char_traitsIcESaIcEEESaIS5_EE5beginEv
FNDA:416,_ZNSt7__cxx114listINS_12basic_stringIcSt11char_traitsIcESaIcEEESaIS5_EE5beginEv
FN:964,_ZNSt7__cxx114listINS_12basic_stringIcSt11char_traitsIcESaIcEEESaIS5_EE3endEv
FNDA:440,_ZNSt7__cxx114listINS_12basic_stringIcSt11char_traitsIcESaIcEEESaIS5_EE3endEv
FN:1056,_ZNKSt7__cxx114listINS_12basic_stringIcSt11char_traitsIcESaIcEEESaIS5_EE5emptyEv
FNDA:364,_ZNKSt7__cxx114listINS_12basic_stringIcSt11char_traitsIcESaIcEEESaIS5_EE5emptyEv
FN:1115,_ZNSt7__cxx114listINS_12basic_stringIcSt11char_traitsIcESaIcEEESaIS5_EE5frontEv
FNDA:208,_ZNSt7__cxx114listINS_12basic_stringIcSt11char_traitsIcESaIcEEESaIS5_EE5frontEv
FN:1131,_ZNSt7__cxx114listINS_12basic_stringIcSt11char_traitsIcESaIcEEESaIS5_EE4backEv
FNDA:220,_ZNSt7__cxx114listINS_12basic_stringIcSt11char_traitsIcESaIcEEESaIS5_EE4backEv
FN:1198,_ZNSt7__cxx114listINS_12basic_stringIcSt11char_traitsIcESaIcEEESaIS5_EE9pop_frontEv
FNDA:208,_ZNSt7__cxx114listINS_12basic_stringIcSt11char_traitsIcESaIcEEESaIS5_EE9pop_frontEv
FN:1226,_ZNSt7__cxx114listINS_12basic_stringIcSt11char_traitsIcESaIcEEESaIS5_EE12emplace_backIJRA2048_cEEERS5_DpOT_
FNDA:10,_ZNSt7__cxx114listINS_12basic_stringIcSt11char_traitsIcESaIcEEESaIS5_EE12emplace_backIJRA2048_cEEERS5_DpOT_
FN:1226,_ZNSt7__cxx114listINS_12basic_stringIcSt11char_traitsIcESaIcEEESaIS5_EE12emplace_backIJRA82_KcEEERS5_DpOT_
FNDA:2,_ZNSt7__cxx114listINS_12basic_stringIcSt11char_traitsIcESaIcEEESaIS5_EE12emplace_backIJRA82_KcEEERS5_DpOT_
FN:1226,_ZNSt7__cxx114listINS_12basic_stringIcSt11char_traitsIcESaIcEEESaIS5_EE12emplace_backIJRPKcEEERS5_DpOT_
FNDA:208,_ZNSt7__cxx114listINS_12basic_stringIcSt11char_traitsIcESaIcEEESaIS5_EE12emplace_backIJRPKcEEERS5_DpOT_
FN:1910,_ZNSt7__cxx114listINS_12basic_stringIcSt11char_traitsIcESaIcEEESaIS5_EE9_M_insertIJRPKcEEEvSt14_List_iteratorIS5_EDpOT_
FNDA:208,_ZNSt7__cxx114listINS_12basic_stringIcSt11char_traitsIcESaIcEEESaIS5_EE9_M_insertIJRPKcEEEvSt14_List_iteratorIS5_EDpOT_
FN:1910,_ZNSt7__cxx114listINS_12basic_stringIcSt11char_traitsIcESaIcEEESaIS5_EE9_M_insertIJRA82_KcEEEvSt14_List_iteratorIS5_EDpOT_
FNDA:2,_ZNSt7__cxx114listINS_12basic_stringIcSt11char_traitsIcESaIcEEESaIS5_EE9_M_insertIJRA82_KcEEEvSt14_List_iteratorIS5_EDpOT_
FN:1910,_ZNSt7__cxx114listINS_12basic_stringIcSt11char_traitsIcESaIcEEESaIS5_EE9_M_insertIJRA2048_cEEEvSt14_List_iteratorIS5_EDpOT_
FNDA:10,_ZNSt7__cxx114listINS_12basic_stringIcSt11char_traitsIcESaIcEEESaIS5_EE9_M_insertIJRA2048_cEEEvSt14_List_iteratorIS5_EDpOT_
FN:1920,_ZNSt7__cxx114listINS_12basic_stringIcSt11char_traitsIcESaIcEEESaIS5_EE8_M_eraseESt14_List_iteratorIS5_E
FNDA:208,_ZNSt7__cxx114listINS_12basic_stringIcSt11char_traitsIcESaIcEEESaIS5_EE8_M_eraseESt14_List_iteratorIS5_E
DA:110,54
DA:111,54
DA:150,54
DA:152,54
DA:154,54
DA:156,54
DA:171,868
DA:201,856
DA:202,856
DA:210,428
DA:211,428
DA:218,0
DA:220,0
DA:221,0
DA:233,220
DA:235,220
DA:236,220
DA:253,0
DA:254,0
DA:380,54
DA:382,54
DA:383,54
DA:409,220
DA:411,208
DA:442,220
DA:443,220
DA:446,220
DA:447,220
DA:453,440
DA:454,440
DA:461,54
DA:499,54
DA:500,54
DA:633,10
DA:635,10
DA:636,10
DA:637,10
DA:638,10
DA:640,10
DA:641,10
DA:642,10
DA:633,2
DA:635,2
DA:636,2
DA:637,2
DA:638,2
DA:640,2
DA:641,2
DA:642,2
DA:633,208
DA:635,208
DA:636,208
DA:637,208
DA:638,208
DA:640,208
DA:641,208
DA:642,208
DA:674,54
DA:828,54
DA:946,416
DA:947,416
DA:964,440
DA:965,440
DA:1056,364
DA:1057,364
DA:1115,208
DA:1116,208
DA:1131,220
DA:1133,220
DA:1134,220
DA:1135,220
DA:1198,208
DA:1199,208
DA:1226,10
DA:1228,10
DA:1230,10
DA:1226,2
DA:1228,2
DA:1230,2
DA:1226,208
DA:1228,208
DA:1230,208
DA:1910,10
DA:1912,10
DA:1913,10
DA:1914,10
DA:1915,10
DA:1910,2
DA:1912,2
DA:1913,2
DA:1914,2
DA:1915,2
DA:1910,208
DA:1912,208
DA:1913,208
DA:1914,208
DA:1915,208
DA:1920,208
DA:1922,208
DA:1923,208
DA:1924,208
DA:1926,208
DA:1931,208
DA:1932,208
end_of_record
SF:/usr/include/c++/11/bits/allocator.h
FN:156,_ZNSaISt10_List_nodeINSt7__cxx1112basic_stringIcSt11char_traitsIcESaIcEEEEEC2Ev
FNDA:54,_ZNSaISt10_List_nodeINSt7__cxx1112basic_stringIcSt11char_traitsIcESaIcEEEEEC2Ev
FN:156,_ZNSaIN11MyFtpServer9User_InfoEEC2Ev
FNDA:52,_ZNSaIN11MyFtpServer9User_InfoEEC2Ev
FN:156,_ZNSaISt4pairIKNSt7__cxx1112basic_stringIcSt11char_traitsIcESaIcEEEMN11MyFtpServer15Command_HandlerEFvRKNS7_9cmd_info_EEEEC2Ev
FNDA:2,_ZNSaISt4pairIKNSt7__cxx1112basic_stringIcSt11char_traitsIcESaIcEEEMN11MyFtpServer15Command_HandlerEFvRKNS7_9cmd_info_EEEEC2Ev
FN:159,_ZNSaINSt8__detail10_Hash_nodeISt4pairIKNSt7__cxx1112basic_stringIcSt11char_traitsIcESaIcEEEMN11MyFtpServer15Command_HandlerEFvRKNS9_9cmd_info_EEELb1EEEEC2ERKSI_
FNDA:2,_ZNSaINSt8__detail10_Hash_nodeISt4pairIKNSt7__cxx1112basic_stringIcSt11char_traitsIcESaIcEEEMN11MyFtpServer15Command_HandlerEFvRKNS9_9cmd_info_EEELb1EEEEC2ERKSI_
FN:159,_ZNSaIN11MyFtpServer9User_InfoEEC2ERKS1_
FNDA:156,_ZNSaIN11MyFtpServer9User_InfoEEC2ERKS1_
FN:169,_ZNSaISt23_Sp_counted_ptr_inplaceIN11MyFtpServer9User_InfoESaIS1_ELN9__gnu_cxx12_Lock_policyE2EEEC2IS1_EERKSaIT_E
FNDA:104,_ZNSaISt23_Sp_counted_ptr_inplaceIN11MyFtpServer9User_InfoESaIS1_ELN9__gnu_cxx12_Lock_policyE2EEEC2IS1_EERKSaIT_E
FN:169,_ZNSaIPNSt8__detail15_Hash_node_baseEEC2INS_10_Hash_nodeISt4pairIKNSt7__cxx1112basic_stringIcSt11char_traitsIcESaIcEEEMN11MyFtpServer15Command_HandlerEFvRKNSD_9cmd_info_EEELb1EEEEERKSaIT_E
FNDA:8,_ZNSaIPNSt8__detail15_Hash_node_baseEEC2INS_10_Hash_nodeISt4pairIKNSt7__cxx1112basic_stringIcSt11char_traitsIcESaIcEEEMN11MyFtpServer15Command_HandlerEFvRKNSD_9cmd_info_EEELb1EEEEERKSaIT_E
FN:169,_ZNSaINSt8__detail10_Hash_nodeISt4pairIKNSt7__cxx1112basic_stringIcSt11char_traitsIcESaIcEEEMN11MyFtpServer15Command_HandlerEFvRKNS9_9cmd_info_EEELb1EEEEC2ISG_EERKSaIT_E
FNDA:2,_ZNSaINSt8__detail10_Hash_nodeISt4pairIKNSt7__cxx1112basic_stringIcSt11char_traitsIcESaIcEEEMN11MyFtpServer15Command_HandlerEFvRKNS9_9cmd_info_EEELb1EEEEC2ISG_EERKSaIT_E
FN:174,_ZNSaISt23_Sp_counted_ptr_inplaceIN11MyFtpServer9User_InfoESaIS1_ELN9__gnu_cxx12_Lock_policyE2EEED2Ev
FNDA:104,_ZNSaISt23_Sp_counted_ptr_inplaceIN11MyFtpServer9User_InfoESaIS1_ELN9__gnu_cxx12_Lock_policyE2EEED2Ev
FN:174,_ZNSaIPNSt8__detail15_Hash_node_baseEED2Ev
FNDA:12,_ZNSaIPNSt8__detail15_Hash_node_baseEED2Ev
FN:174,_ZNSaINSt8__detail10_Hash_nodeISt4pairIKNSt7__cxx1112basic_stringIcSt11char_traitsIcESaIcEEEMN11MyFtpServer15Command_HandlerEFvRKNS9_9cmd_info_EEELb1EEEED2Ev
FNDA:4,_ZNSaINSt8__detail10_Hash_nodeISt4pairIKNSt7__cxx1112basic_stringIcSt11char_traitsIcESaIcEEEMN11MyFtpServer15Command_HandlerEFvRKNS9_9cmd_info_EEELb1EEEED2Ev
FN:174,_ZNSaIN11MyFtpServer9User_InfoEED2Ev
FNDA:208,_ZNSaIN11MyFtpServer9User_InfoEED2Ev
FN:174,_ZNSaISt10_List_nodeINSt7__cxx1112basic_stringIcSt11char_traitsIcESaIcEEEEED2Ev
FNDA:54,_ZNSaISt10_List_nodeINSt7__cxx1112basic_stringIcSt11char_traitsIcESaIcEEEEED2Ev
FN:174,_ZNSaISt4pairIKNSt7__cxx1112basic_stringIcSt11char_traitsIcESaIcEEEMN11MyFtpServer15Command_HandlerEFvRKNS7_9cmd_info_EEEED2Ev
FNDA:2,_ZNSaISt4pairIKNSt7__cxx1112basic_stringIcSt11char_traitsIcESaIcEEEMN11MyFtpServer15Command_HandlerEFvRKNS7_9cmd_info_EEEED2Ev
DA:156,54
DA:156,52
DA:156,2
DA:159,2
DA:160,2
DA:159,156
DA:160,156
DA:169,104
DA:169,8
DA:169,2
DA:174,104
DA:174,12
DA:174,4
DA:174,208
DA:174,54
DA:174,2
end_of_record
SF:/home/hksong/hksong/prjs/myftpserver/include/user_info.h
FN:30,_ZN11MyFtpServer9User_InfoD2Ev
FNDA:58,_ZN11MyFtpServer9User_InfoD2Ev
FN:33,_ZN11MyFtpServer9User_Info10is_loggingEv
FNDA:28,_ZN11MyFtpServer9User_Info10is_loggingEv
DA:30,58
DA:33,28
end_of_record
SF:/usr/include/c++/11/tuple
FN:80,_ZNSt10_Head_baseILm1ESt14default_deleteIN11MyFtpServer12Data_HandlerEELb1EEC2Ev
FNDA:68,_ZNSt10_Head_baseILm1ESt14default_deleteIN11MyFtpServer12Data_HandlerEELb1EEC2Ev
FN:124,_ZNSt10_Head_baseILm1ESt14default_deleteIN11MyFtpServer12Data_HandlerEELb1EE7_M_headERS4_
FNDA:30,_ZNSt10_Head_baseILm1ESt14default_deleteIN11MyFtpServer12Data_HandlerEELb1EE7_M_headERS4_
FN:189,_ZNSt10_Head_baseILm0EPN11MyFtpServer12Data_HandlerELb0EEC2Ev
FNDA:68,_ZNSt10_Head_baseILm0EPN11MyFtpServer12Data_HandlerELb0EEC2Ev
FN:233,_ZNSt10_Head_baseILm0EPN11MyFtpServer12Data_HandlerELb0EE7_M_headERS3_
FNDA:118,_ZNSt10_Head_baseILm0EPN11MyFtpServer12Data_HandlerELb0EE7_M_headERS3_
FN:236,_ZNSt10_Head_baseILm0EPN11MyFtpServer12Data_HandlerELb0EE7_M_headERKS3_
FNDA:20,_ZNSt10_Head_baseILm0EPN11MyFtpServer12Data_HandlerELb0EE7_M_headERKS3_
FN:268,_ZNSt11_Tuple_implILm0EJPN11MyFtpServer12Data_HandlerESt14default_deleteIS1_EEE7_M_headERS5_
FNDA:118,_ZNSt11_Tuple_implILm0EJPN11MyFtpServer12Data_HandlerESt14default_deleteIS1_EEE7_M_headERS5_
FN:271,_ZNSt11_Tuple_implILm0EJPN11MyFtpServer12Data_HandlerESt14default_deleteIS1_EEE7_M_headERKS5_
FNDA:20,_ZNSt11_Tuple_implILm0EJPN11MyFtpServer12Data_HandlerESt14default_deleteIS1_EEE7_M_headERKS5_
FN:279,_ZNSt11_Tuple_implILm0EJPN11MyFtpServer12Data_HandlerESt14default_deleteIS1_EEEC2Ev
FNDA:68,_ZNSt11_Tuple_implILm0EJPN11MyFtpServer12Data_HandlerESt14default_deleteIS1_EEEC2Ev
FN:424,_ZNSt11_Tuple_implILm1EJSt14default_deleteIN11MyFtpServer12Data_HandlerEEEE7_M_headERS4_
FNDA:30,_ZNSt11_Tuple_implILm1EJSt14default_deleteIN11MyFtpServer12Data_HandlerEEEE7_M_headERS4_
FN:430,_ZNSt11_Tuple_implILm1EJSt14default_deleteIN11MyFtpServer12Data_HandlerEEEEC2Ev
FNDA:68,_ZNSt11_Tuple_implILm1EJSt14default_deleteIN11MyFtpServer12Data_HandlerEEEEC2Ev
FN:1049,_ZNSt5tupleIJPN11MyFtpServer12Data_HandlerESt14default_deleteIS1_EEEC2ILb1ELb1EEEv
FNDA:68,_ZNSt5tupleIJPN11MyFtpServer12Data_HandlerESt14default_deleteIS1_EEEC2ILb1ELb1EEEv
FN:1377,_ZSt12__get_helperILm0EPN11MyFtpServer12Data_HandlerEJSt14default_deleteIS1_EEERT0_RSt11_Tuple_implIXT_EJS5_DpT1_EE
FNDA:118,_ZSt12__get_helperILm0EPN11MyFtpServer12Data_HandlerEJSt14default_deleteIS1_EEERT0_RSt11_Tuple_implIXT_EJS5_DpT1_EE
FN:1377,_ZSt12__get_helperILm1ESt14default_deleteIN11MyFtpServer12Data_HandlerEEJEERT0_RSt11_Tuple_implIXT_EJS4_DpT1_EE
FNDA:30,_ZSt12__get_helperILm1ESt14default_deleteIN11MyFtpServer12Data_HandlerEEJEERT0_RSt11_Tuple_implIXT_EJS4_DpT1_EE
FN:1382,_ZSt12__get_helperILm0EPN11MyFtpServer12Data_HandlerEJSt14default_deleteIS1_EEERKT0_RKSt11_Tuple_implIXT_EJS5_DpT1_EE
FNDA:20,_ZSt12__get_helperILm0EPN11MyFtpServer12Data_HandlerEJSt14default_deleteIS1_EEERKT0_RKSt11_Tuple_implIXT_EJS5_DpT1_EE
FN:1393,_ZSt3getILm1EJPN11MyFtpServer12Data_HandlerESt14default_deleteIS1_EEERNSt13tuple_elementIXT_ESt5tupleIJDpT0_EEE4typeERS9_
FNDA:30,_ZSt3getILm1EJPN11MyFtpServer12Data_HandlerESt14default_deleteIS1_EEERNSt13tuple_elementIXT_ESt5tupleIJDpT0_EEE4typeERS9_
FN:1393,_ZSt3getILm0EJPN11MyFtpServer12Data_HandlerESt14default_deleteIS1_EEERNSt13tuple_elementIXT_ESt5tupleIJDpT0_EEE4typeERS9_
FNDA:118,_ZSt3getILm0EJPN11MyFtpServer12Data_HandlerESt14default_deleteIS1_EEERNSt13tuple_elementIXT_ESt5tupleIJDpT0_EEE4typeERS9_
[...]
FNDA:0,_ZNSt10_Head_baseILm1ESt14default_deleteINSt7__cxx1112basic_stringIcSt11char_traitsIcESaIcEEEELb1EEC2Ev
FN:124,_ZNSt10_Head_baseILm1ESt14default_deleteINSt7__cxx1112basic_stringIcSt11char_traitsIcESaIcEEEELb1EE7_M_headERS8_
FNDA:0,_ZNSt10_Head_baseILm1ESt14default_deleteINSt7__cxx1112basic_stringIcSt11char_traitsIcESaIcEEEELb1EE7_M_headERS8_
FN:124,_ZNSt10_Head_baseILm1ESt14default_deleteIN11MyFtpServer15Command_HandlerEELb1EE7_M_headERS4_
FNDA:78,_ZNSt10_Head_baseILm1ESt14default_deleteIN11MyFtpServer15Command_HandlerEELb1EE7_M_headERS4_
FN:124,_ZNSt10_Head_baseILm1ESt14default_deleteINSt7__cxx1118basic_stringstreamIcSt11char_traitsIcESaIcEEEELb1EE7_M_headERS8_
FNDA:0,_ZNSt10_Head_baseILm1ESt14default_deleteINSt7__cxx1118basic_stringstreamIcSt11char_traitsIcESaIcEEEELb1EE7_M_headERS8_
FN:189,_ZNSt10_Head_baseILm0EPNSt7__cxx1112basic_stringIcSt11char_traitsIcESaIcEEELb0EEC2Ev
FNDA:0,_ZNSt10_Head_baseILm0EPNSt7__cxx1112basic_stringIcSt11char_traitsIcESaIcEEELb0EEC2Ev
FN:189,_ZNSt10_Head_baseILm0EPN11MyFtpServer15Command_HandlerELb0EEC2Ev
FNDA:52,_ZNSt10_Head_baseILm0EPN11MyFtpServer15Command_HandlerELb0EEC2Ev
FN:233,_ZNSt10_Head_baseILm0EPN11MyFtpServer15Command_HandlerELb0EE7_M_headERS3_
FNDA:182,_ZNSt10_Head_baseILm0EPN11MyFtpServer15Command_HandlerELb0EE7_M_headERS3_
FN:233,_ZNSt10_Head_baseILm0EPNSt7__cxx1112basic_stringIcSt11char_traitsIcESaIcEEELb0EE7_M_headERS7_
FNDA:0,_ZNSt10_Head_baseILm0EPNSt7__cxx1112basic_stringIcSt11char_traitsIcESaIcEEELb0EE7_M_headERS7_
FN:233,_ZNSt10_Head_baseILm0EPNSt7__cxx1118basic_stringstreamIcSt11char_traitsIcESaIcEEELb0EE7_M_headERS7_
FNDA:0,_ZNSt10_Head_baseILm0EPNSt7__cxx1118basic_stringstreamIcSt11char_traitsIcESaIcEEELb0EE7_M_headERS7_
FN:236,_ZNSt10_Head_baseILm0EPN11MyFtpServer15Command_HandlerELb0EE7_M_headERKS3_
FNDA:192,_ZNSt10_Head_baseILm0EPN11MyFtpServer15Command_HandlerELb0EE7_M_headERKS3_
FN:236,_ZNSt10_Head_baseILm0EPNSt7__cxx1112basic_stringIcSt11char_traitsIcESaIcEEELb0EE7_M_headERKS7_
FNDA:0,_ZNSt10_Head_baseILm0EPNSt7__cxx1112basic_stringIcSt11char_traitsIcESaIcEEELb0EE7_M_headERKS7_
FN:268,_ZNSt11_Tuple_implILm0EJPN11MyFtpServer15Command_HandlerESt14default_deleteIS1_EEE7_M_headERS5_
FNDA:182,_ZNSt11_Tuple_implILm0EJPN11MyFtpServer15Command_HandlerESt14default_deleteIS1_EEE7_M_headERS5_
FN:268,_ZNSt11_Tuple_implILm0EJPNSt7__cxx1118basic_stringstreamIcSt11char_traitsIcESaIcEEESt14default_deleteIS5_EEE7_M_headERS9_
FNDA:0,_ZNSt11_Tuple_implILm0EJPNSt7__cxx1118basic_stringstreamIcSt11char_traitsIcESaIcEEESt14default_deleteIS5_EEE7_M_headERS9_
FN:268,_ZNSt11_Tuple_implILm0EJPNSt7__cxx1112basic_stringIcSt11char_traitsIcESaIcEEESt14default_deleteIS5_EEE7_M_headERS9_
FNDA:0,_ZNSt11_Tuple_implILm0EJPNSt7__cxx1112basic_stringIcSt11char_traitsIcESaIcEEESt14default_deleteIS5_EEE7_M_headERS9_
FN:271,_ZNSt11_Tuple_implILm0EJPN11MyFtpServer15Command_HandlerESt14default_deleteIS1_EEE7_M_headERKS5_
FNDA:192,_ZNSt11_Tuple_implILm0EJPN11MyFtpServer15Command_HandlerESt14default_deleteIS1_EEE7_M_headERKS5_
FN:271,_ZNSt11_Tuple_implILm0EJPNSt7__cxx1112basic_stringIcSt11char_traitsIcESaIcEEESt14default_deleteIS5_EEE7_M_headERKS9_
FNDA:0,_ZNSt11_Tuple_implILm0EJPNSt7__cxx1112basic_stringIcSt11char_traitsIcESaIcEEESt14default_deleteIS5_EEE7_M_headERKS9_
FN:279,_ZNSt11_Tuple_implILm0EJPN11MyFtpServer15Command_HandlerESt14default_deleteIS1_EEEC2Ev
FNDA:52,_ZNSt11_Tuple_implILm0EJPN11MyFtpServer15Command_HandlerESt14default_deleteIS1_EEEC2Ev
FN:279,_ZNSt11_Tuple_implILm0EJPNSt7__cxx1112basic_stringIcSt11char_traitsIcESaIcEEESt14default_deleteIS5_EEEC2Ev
FNDA:0,_ZNSt11_Tuple_implILm0EJPNSt7__cxx1112basic_stringIcSt11char_traitsIcESaIcEEESt14default_deleteIS5_EEEC2Ev
FN:424,_ZNSt11_Tuple_implILm1EJSt14default_deleteIN11MyFtpServer15Command_HandlerEEEE7_M_headERS4_
FNDA:78,_ZNSt11_Tuple_implILm1EJSt14default_deleteIN11MyFtpServer15Command_HandlerEEEE7_M_headERS4_
FN:424,_ZNSt11_Tuple_implILm1EJSt14default_deleteINSt7__cxx1118basic_stringstreamIcSt11char_traitsIcESaIcEEEEEE7_M_headERS8_
FNDA:0,_ZNSt11_Tuple_implILm1EJSt14default_deleteINSt7__cxx1118basic_stringstreamIcSt11char_traitsIcESaIcEEEEEE7_M_headERS8_
FN:424,_ZNSt11_Tuple_implILm1EJSt14default_deleteINSt7__cxx1112basic_stringIcSt11char_traitsIcESaIcEEEEEE7_M_headERS8_
FNDA:0,_ZNSt11_Tuple_implILm1EJSt14default_deleteINSt7__cxx1112basic_stringIcSt11char_traitsIcESaIcEEEEEE7_M_headERS8_
FN:430,_ZNSt11_Tuple_implILm1EJSt14default_deleteIN11MyFtpServer15Command_HandlerEEEEC2Ev
FNDA:52,_ZNSt11_Tuple_implILm1EJSt14default_deleteIN11MyFtpServer15Command_HandlerEEEEC2Ev
FN:430,_ZNSt11_Tuple_implILm1EJSt14default_deleteINSt7__cxx1112basic_stringIcSt11char_traitsIcESaIcEEEEEEC2Ev
FNDA:0,_ZNSt11_Tuple_implILm1EJSt14default_deleteINSt7__cxx1112basic_stringIcSt11char_traitsIcESaIcEEEEEEC2Ev
FN:1049,_ZNSt5tupleIJPN11MyFtpServer15Command_HandlerESt14default_deleteIS1_EEEC2ILb1ELb1EEEv
FNDA:52,_ZNSt5tupleIJPN11MyFtpServer15Command_HandlerESt14default_deleteIS1_EEEC2ILb1ELb1EEEv
FN:1049,_ZNSt5tupleIJPNSt7__cxx1112basic_stringIcSt11char_traitsIcESaIcEEESt14default_deleteIS5_EEEC2ILb1ELb1EEEv
FNDA:0,_ZNSt5tupleIJPNSt7__cxx1112basic_stringIcSt11char_traitsIcESaIcEEESt14default_deleteIS5_EEEC2ILb1ELb1EEEv
FN:1377,_ZSt12__get_helperILm1ESt14default_deleteIN11MyFtpServer15Command_HandlerEEJEERT0_RSt11_Tuple_implIXT_EJS4_DpT1_EE
FNDA:78,_ZSt12__get_helperILm1ESt14default_deleteIN11MyFtpServer15Command_HandlerEEJEERT0_RSt11_Tuple_implIXT_EJS4_DpT1_EE
FN:1377,_ZSt12__get_helperILm1ESt14default_deleteINSt7__cxx1112basic_stringIcSt11char_traitsIcESaIcEEEEJEERT0_RSt11_Tuple_implIXT_EJS8_DpT1_EE
FNDA:0,_ZSt12__get_helperILm1ESt14default_deleteINSt7__cxx1112basic_stringIcSt11char_traitsIcESaIcEEEEJEERT0_RSt11_Tuple_implIXT_EJS8_DpT1_EE
FN:1377,_ZSt12__get_helperILm1ESt14default_deleteINSt7__cxx1118basic_stringstreamIcSt11char_traitsIcESaIcEEEEJEERT0_RSt11_Tuple_implIXT_EJS8_DpT1_EE
FNDA:0,_ZSt12__get_helperILm1ESt14default_deleteINSt7__cxx1118basic_stringstreamIcSt11char_traitsIcESaIcEEEEJEERT0_RSt11_Tuple_implIXT_EJS8_DpT1_EE
FN:1377,_ZSt12__get_helperILm0EPNSt7__cxx1118basic_stringstreamIcSt11char_traitsIcESaIcEEEJSt14default_deleteIS5_EEERT0_RSt11_Tuple_implIXT_EJS9_DpT1_EE
FNDA:0,_ZSt12__get_helperILm0EPNSt7__cxx1118basic_stringstreamIcSt11char_traitsIcESaIcEEEJSt14default_deleteIS5_EEERT0_RSt11_Tuple_implIXT_EJS9_DpT1_EE
FN:1377,_ZSt12__get_helperILm0EPNSt7__cxx1112basic_stringIcSt11char_traitsIcESaIcEEEJSt14default_deleteIS5_EEERT0_RSt11_Tuple_implIXT_EJS9_DpT1_EE
FNDA:0,_ZSt12__get_helperILm0EPNSt7__cxx1112basic_stringIcSt11char_traitsIcESaIcEEEJSt14default_deleteIS5_EEERT0_RSt11_Tuple_implIXT_EJS9_DpT1_EE
FN:1377,_ZSt12__get_helperILm0EPN11MyFtpServer15Command_HandlerEJSt14default_deleteIS1_EEERT0_RSt11_Tuple_implIXT_EJS5_DpT1_EE
FNDA:182,_ZSt12__get_helperILm0EPN11MyFtpServer15Command_HandlerEJSt14default_deleteIS1_EEERT0_RSt11_Tuple_implIXT_EJS5_DpT1_EE
FN:1382,_ZSt12__get_helperILm0EPNSt7__cxx1112basic_stringIcSt11char_traitsIcESaIcEEEJSt14default_deleteIS5_EEERKT0_RKSt11_Tuple_implIXT_EJS9_DpT1_EE
FNDA:0,_ZSt12__get_helperILm0EPNSt7__cxx1112basic_stringIcSt11char_traitsIcESaIcEEEJSt14default_deleteIS5_EEERKT0_RKSt11_Tuple_implIXT_EJS9_DpT1_EE
FN:1382,_ZSt12__get_helperILm0EPN11MyFtpServer15Command_HandlerEJSt14default_deleteIS1_EEERKT0_RKSt11_Tuple_implIXT_EJS5_DpT1_EE
FNDA:192,_ZSt12__get_helperILm0EPN11MyFtpServer15Command_HandlerEJSt14default_deleteIS1_EEERKT0_RKSt11_Tuple_implIXT_EJS5_DpT1_EE
FN:1393,_ZSt3getILm1EJPNSt7__cxx1118basic_stringstreamIcSt11char_traitsIcESaIcEEESt14default_deleteIS5_EEERNSt13tuple_elementIXT_ESt5tupleIJDpT0_EEE4typeERSD_
FNDA:0,_ZSt3getILm1EJPNSt7__cxx1118basic_stringstreamIcSt11char_traitsIcESaIcEEESt14default_deleteIS5_EEERNSt13tuple_elementIXT_ESt5tupleIJDpT0_EEE4typeERSD_
FN:1393,_ZSt3getILm1EJPN11MyFtpServer15Command_HandlerESt14default_deleteIS1_EEERNSt13tuple_elementIXT_ESt5tupleIJDpT0_EEE4typeERS9_
FNDA:78,_ZSt3getILm1EJPN11MyFtpServer15Command_HandlerESt14default_deleteIS1_EEERNSt13tuple_elementIXT_ESt5tupleIJDpT0_EEE4typeERS9_
FN:1393,_ZSt3getILm0EJPN11MyFtpServer15Command_HandlerESt14default_deleteIS1_EEERNSt13tuple_elementIXT_ESt5tupleIJDpT0_EEE4typeERS9_
FNDA:182,_ZSt3getILm0EJPN11MyFtpServer15Command_HandlerESt14default_deleteIS1_EEERNSt13tuple_elementIXT_ESt5tupleIJDpT0_EEE4typeERS9_
FN:1393,_ZSt3getILm1EJPNSt7__cxx1112basic_stringIcSt11char_traitsIcESaIcEEESt14default_deleteIS5_EEERNSt13tuple_elementIXT_ESt5tupleIJDpT0_EEE4typeERSD_
FNDA:0,_ZSt3getILm1EJPNSt7__cxx1112basic_stringIcSt11char_traitsIcESaIcEEESt14default_deleteIS5_EEERNSt13tuple_elementIXT_ESt5tupleIJDpT0_EEE4typeERSD_
FN:1393,_ZSt3getILm0EJPNSt7__cxx1112basic_stringIcSt11char_traitsIcESaIcEEESt14default_deleteIS5_EEERNSt13tuple_elementIXT_ESt5tupleIJDpT0_EEE4typeERSD_
FNDA:0,_ZSt3getILm0EJPNSt7__cxx1112basic_stringIcSt11char_traitsIcESaIcEEESt14default_deleteIS5_EEERNSt13tuple_elementIXT_ESt5tupleIJDpT0_EEE4typeERSD_
FN:1393,_ZSt3getILm0EJPNSt7__cxx1118basic_stringstreamIcSt11char_traitsIcESaIcEEESt14default_deleteIS5_EEERNSt13tuple_elementIXT_ESt5tupleIJDpT0_EEE4typeERSD_
FNDA:0,_ZSt3getILm0EJPNSt7__cxx1118basic_stringstreamIcSt11char_traitsIcESaIcEEESt14default_deleteIS5_EEERNSt13tuple_elementIXT_ESt5tupleIJDpT0_EEE4typeERSD_
FN:1399,_ZSt3getILm0EJPN11MyFtpServer15Command_HandlerESt14default_deleteIS1_EEERKNSt13tuple_elementIXT_ESt5tupleIJDpT0_EEE4typeERKS9_
FNDA:192,_ZSt3getILm0EJPN11MyFtpServer15Command_HandlerESt14default_deleteIS1_EEERKNSt13tuple_elementIXT_ESt5tupleIJDpT0_EEE4typeERKS9_
FN:1399,_ZSt3getILm0EJPNSt7__cxx1112basic_stringIcSt11char_traitsIcESaIcEEESt14default_deleteIS5_EEERKNSt13tuple_elementIXT_ESt5tupleIJDpT0_EEE4typeERKSD_
FNDA:0,_ZSt3getILm0EJPNSt7__cxx1112basic_stringIcSt11char_traitsIcESaIcEEESt14default_deleteIS5_EEERKNSt13tuple_elementIXT_ESt5tupleIJDpT0_EEE4typeERKSD_
DA:80,0
DA:81,0
DA:80,52
DA:81,52
DA:124,0
DA:124,0
DA:124,78
DA:189,0
DA:190,0
DA:189,52
DA:190,52
DA:233,182
DA:233,0
DA:233,0
DA:236,192
DA:236,0
DA:268,182
DA:268,0
DA:268,0
DA:271,192
DA:271,0
DA:279,0
DA:280,0
DA:279,52
DA:280,52
DA:424,0
DA:424,0
DA:424,78
DA:430,0
DA:431,0
DA:430,52
DA:431,52
DA:1049,0
DA:1051,0
DA:1049,52
DA:1051,52
DA:1377,0
DA:1378,0
DA:1377,0
DA:1378,0
DA:1377,78
DA:1378,78
DA:1377,182
DA:1378,182
DA:1377,0
DA:1378,0
DA:1377,0
DA:1378,0
DA:1382,192
DA:1383,192
DA:1382,0
DA:1383,0
DA:1393,0
DA:1394,0
DA:1393,0
DA:1394,0
DA:1393,78
DA:1394,78
DA:1393,182
DA:1394,182
DA:1393,0
DA:1394,0
DA:1393,0
DA:1394,0
DA:1399,192
DA:1400,192
DA:1399,0
DA:1400,0
end_of_record
SF:/usr/include/c++/11/ext/type_traits.h
FN:152,_ZN9__gnu_cxx17__is_null_pointerIcEEbPT_
FNDA:0,_ZN9__gnu_cxx17__is_null_pointerIcEEbPT_
FN:152,_ZN9__gnu_cxx17__is_null_pointerIKcEEbPT_
FNDA:0,_ZN9__gnu_cxx17__is_null_pointerIKcEEbPT_
DA:152,0
DA:153,0
DA:152,0
DA:153,0
end_of_record
SF:/usr/include/c++/11/ext/alloc_traits.h
FN:97,_ZN9__gnu_cxx14__alloc_traitsISaIcEcE17_S_select_on_copyERKS1_
FNDA:0,_ZN9__gnu_cxx14__alloc_traitsISaIcEcE17_S_select_on_copyERKS1_
DA:97,0
DA:98,0
end_of_record
SF:/usr/include/c++/11/bits/move.h
FN:77,_ZSt7forwardISt14default_deleteIN11MyFtpServer15Command_HandlerEEEOT_RNSt16remove_referenceIS4_E4typeE
FNDA:26,_ZSt7forwardISt14default_deleteIN11MyFtpServer15Command_HandlerEEEOT_RNSt16remove_referenceIS4_E4typeE
FN:104,_ZSt4moveIRPN11MyFtpServer15Command_HandlerEEONSt16remove_referenceIT_E4typeEOS5_
FNDA:26,_ZSt4moveIRPN11MyFtpServer15Command_HandlerEEONSt16remove_referenceIT_E4typeEOS5_
FN:104,_ZSt4moveIRPNSt7__cxx1112basic_stringIcSt11char_traitsIcESaIcEEEEONSt16remove_referenceIT_E4typeEOS9_
FNDA:0,_ZSt4moveIRPNSt7__cxx1112basic_stringIcSt11char_traitsIcESaIcEEEEONSt16remove_referenceIT_E4typeEOS9_
FN:104,_ZSt4moveIRPNSt7__cxx1118basic_stringstreamIcSt11char_traitsIcESaIcEEEEONSt16remove_referenceIT_E4typeEOS9_
FNDA:0,_ZSt4moveIRPNSt7__cxx1118basic_stringstreamIcSt11char_traitsIcESaIcEEEEONSt16remove_referenceIT_E4typeEOS9_
FN:104,_ZSt4moveIRNSt7__cxx1112basic_stringIcSt11char_traitsIcESaIcEEEEONSt16remove_referenceIT_E4typeEOS8_
FNDA:0,_ZSt4moveIRNSt7__cxx1112basic_stringIcSt11char_traitsIcESaIcEEEEONSt16remove_referenceIT_E4typeEOS8_
FN:104,_ZSt4moveIRSaIcEEONSt16remove_referenceIT_E4typeEOS3_
FNDA:0,_ZSt4moveIRSaIcEEONSt16remove_referenceIT_E4typeEOS3_
DA:77,26
DA:78,26
DA:104,26
DA:105,26
DA:104,0
DA:105,0
DA:104,0
DA:105,0
DA:104,0
DA:105,0
DA:104,0
DA:105,0
end_of_record
SF:/usr/include/ace/Thread_Manager.inl
FN:72,_ZN26ACE_Thread_Descriptor_BaseD0Ev
FNDA:0,_ZN26ACE_Thread_Descriptor_BaseD0Ev
FN:72,_ZN26ACE_Thread_Descriptor_BaseD2Ev
FNDA:0,_ZN26ACE_Thread_Descriptor_BaseD2Ev
DA:72,0
DA:74,0
DA:72,0
DA:74,0
end_of_record
SF:/usr/include/c++/11/bits/exception.h
FN:64,_ZNSt9exceptionC2Ev
FNDA:0,_ZNSt9exceptionC2Ev
DA:64,0
end_of_record
SF:/usr/include/gtest/gtest-message.h
end_of_record
SF:/usr/include/c++/11/ext/aligned_buffer.h
FN:64,_ZN9__gnu_cxx16__aligned_membufINSt7__cxx1112basic_stringIcSt11char_traitsIcESaIcEEEE7_M_addrEv
FNDA:0,_ZN9__gnu_cxx16__aligned_membufINSt7__cxx1112basic_stringIcSt11char_traitsIcESaIcEEEE7_M_addrEv
FN:72,_ZN9__gnu_cxx16__aligned_membufINSt7__cxx1112basic_stringIcSt11char_traitsIcESaIcEEEE6_M_ptrEv
FNDA:0,_ZN9__gnu_cxx16__aligned_membufINSt7__cxx1112basic_stringIcSt11char_traitsIcESaIcEEEE6_M_ptrEv
DA:64,0
DA:65,0
DA:72,0
DA:73,0
end_of_record
SF:/usr/include/c++/11/bits/allocator.h
FN:156,_ZNSaISt10_List_nodeINSt7__cxx1112basic_stringIcSt11char_traitsIcESaIcEEEEEC2Ev
FNDA:0,_ZNSaISt10_List_nodeINSt7__cxx1112basic_stringIcSt11char_traitsIcESaIcEEEEEC2Ev
FN:174,_ZNSaISt10_List_nodeINSt7__cxx1112basic_stringIcSt11char_traitsIcESaIcEEEEED2Ev
FNDA:0,_ZNSaISt10_List_nodeINSt7__cxx1112basic_stringIcSt11char_traitsIcESaIcEEEEED2Ev
DA:156,0
DA:174,0
end_of_record
SF:/usr/include/c++/11/bits/stl_list.h
FN:110,_ZNSt8__detail17_List_node_headerC2Ev
FNDA:0,_ZNSt8__detail17_List_node_headerC2Ev
FN:150,_ZNSt8__detail17_List_node_header7_M_initEv
FNDA:0,_ZNSt8__detail17_List_node_header7_M_initEv
FN:171,_ZNSt10_List_nodeINSt7__cxx1112basic_stringIcSt11char_traitsIcESaIcEEEE9_M_valptrEv
FNDA:0,_ZNSt10_List_nodeINSt7__cxx1112basic_stringIcSt11char_traitsIcESaIcEEEE9_M_valptrEv
FN:380,_ZNSt7__cxx1110_List_baseINS_12basic_stringIcSt11char_traitsIcESaIcEEESaIS5_EE10_List_implC2Ev
FNDA:0,_ZNSt7__cxx1110_List_baseINS_12basic_stringIcSt11char_traitsIcESaIcEEESaIS5_EE10_List_implC2Ev
FN:405,_ZNKSt7__cxx1110_List_baseINS_12basic_stringIcSt11char_traitsIcESaIcEEESaIS5_EE11_M_get_sizeEv
FNDA:1,_ZNKSt7__cxx1110_List_baseINS_12basic_stringIcSt11char_traitsIcESaIcEEESaIS5_EE11_M_get_sizeEv
FN:446,_ZNSt7__cxx1110_List_baseINS_12basic_stringIcSt11char_traitsIcESaIcEEESaIS5_EE11_M_put_nodeEPSt10_List_nodeIS5_E
FNDA:0,_ZNSt7__cxx1110_List_baseINS_12basic_stringIcSt11char_traitsIcESaIcEEESaIS5_EE11_M_put_nodeEPSt10_List_nodeIS5_E
FN:453,_ZNSt7__cxx1110_List_baseINS_12basic_stringIcSt11char_traitsIcESaIcEEESaIS5_EE21_M_get_Node_allocatorEv
FNDA:0,_ZNSt7__cxx1110_List_baseINS_12basic_stringIcSt11char_traitsIcESaIcEEESaIS5_EE21_M_get_Node_allocatorEv
FN:461,_ZNSt7__cxx1110_List_baseINS_12basic_stringIcSt11char_traitsIcESaIcEEESaIS5_EEC2Ev
FNDA:0,_ZNSt7__cxx1110_List_baseINS_12basic_stringIcSt11char_traitsIcESaIcEEESaIS5_EEC2Ev
FN:499,_ZNSt7__cxx1110_List_baseINS_12basic_stringIcSt11char_traitsIcESaIcEEESaIS5_EED2Ev
FNDA:0,_ZNSt7__cxx1110_List_baseINS_12basic_stringIcSt11char_traitsIcESaIcEEESaIS5_EED2Ev
FN:652,_ZNKSt7__cxx114listINS_12basic_stringIcSt11char_traitsIcESaIcEEESaIS5_EE13_M_node_countEv
FNDA:1,_ZNKSt7__cxx114listINS_12basic_stringIcSt11char_traitsIcESaIcEEESaIS5_EE13_M_node_countEv
FN:674,_ZNSt7__cxx114listINS_12basic_stringIcSt11char_traitsIcESaIcEEESaIS5_EEC2Ev
FNDA:0,_ZNSt7__cxx114listINS_12basic_stringIcSt11char_traitsIcESaIcEEESaIS5_EEC2Ev
FN:828,_ZNSt7__cxx114listINS_12basic_stringIcSt11char_traitsIcESaIcEEESaIS5_EED2Ev
FNDA:0,_ZNSt7__cxx114listINS_12basic_stringIcSt11char_traitsIcESaIcEEESaIS5_EED2Ev
FN:1061,_ZNKSt7__cxx114listINS_12basic_stringIcSt11char_traitsIcESaIcEEESaIS5_EE4sizeEv
FNDA:1,_ZNKSt7__cxx114listINS_12basic_stringIcSt11char_traitsIcESaIcEEESaIS5_EE4sizeEv
DA:110,0
DA:111,0
DA:150,0
DA:152,0
DA:154,0
DA:156,0
DA:171,0
DA:380,0
DA:382,0
DA:383,0
DA:405,1
DA:446,0
DA:447,0
DA:453,0
DA:454,0
DA:461,0
DA:499,0
DA:500,0
DA:652,1
DA:653,1
DA:674,0
DA:828,0
DA:1061,1
DA:1062,1
end_of_record
SF:/usr/include/c++/11/bits/basic_string.tcc
FN:206,_ZNSt7__cxx1112basic_stringIcSt11char_traitsIcESaIcEE12_M_constructIPcEEvT_S7_St20forward_iterator_tag
FNDA:0,_ZNSt7__cxx1112basic_stringIcSt11char_traitsIcESaIcEE12_M_constructIPcEEvT_S7_St20forward_iterator_tag
FN:206,_ZNSt7__cxx1112basic_stringIcSt11char_traitsIcESaIcEE12_M_constructIPKcEEvT_S8_St20forward_iterator_tag
FNDA:0,_ZNSt7__cxx1112basic_stringIcSt11char_traitsIcESaIcEE12_M_constructIPKcEEvT_S8_St20forward_iterator_tag
DA:206,0
DA:211,0
DA:212,0
DA:215,0
DA:217,0
DA:219,0
DA:220,0
DA:225,0
DA:226,0
DA:228,0
DA:229,0
DA:232,0
DA:233,0
DA:206,0
DA:211,0
DA:212,0
DA:215,0
DA:217,0
DA:219,0
DA:220,0
DA:225,0
DA:226,0
DA:228,0
DA:229,0
DA:232,0
DA:233,0
end_of_record
SF:/usr/include/c++/11/bits/basic_string.h
FN:251,_ZNSt7__cxx1112basic_stringIcSt11char_traitsIcESaIcEE16_M_construct_auxIPcEEvT_S7_St12__false_type
FNDA:0,_ZNSt7__cxx1112basic_stringIcSt11char_traitsIcESaIcEE16_M_construct_auxIPcEEvT_S7_St12__false_type
FN:251,_ZNSt7__cxx1112basic_stringIcSt11char_traitsIcESaIcEE16_M_construct_auxIPKcEEvT_S8_St12__false_type
FNDA:0,_ZNSt7__cxx1112basic_stringIcSt11char_traitsIcESaIcEE16_M_construct_auxIPKcEEvT_S8_St12__false_type
FN:271,_ZNSt7__cxx1112basic_stringIcSt11char_traitsIcESaIcEE12_M_constructIPcEEvT_S7_
FNDA:0,_ZNSt7__cxx1112basic_stringIcSt11char_traitsIcESaIcEE12_M_constructIPcEEvT_S7_
FN:271,_ZNSt7__cxx1112basic_stringIcSt11char_traitsIcESaIcEE12_M_constructIPKcEEvT_S8_
FNDA:0,_ZNSt7__cxx1112basic_stringIcSt11char_traitsIcESaIcEE12_M_constructIPKcEEvT_S8_
FN:533,_ZNSt7__cxx1112basic_stringIcSt11char_traitsIcESaIcEEC2IS3_EEPKcRKS3_
FNDA:0,_ZNSt7__cxx1112basic_stringIcSt11char_traitsIcESaIcEEC2IS3_EEPKcRKS3_
FN:6206,_ZStplIcSt11char_traitsIcESaIcEENSt7__cxx1112basic_stringIT_T0_T1_EEOS8_PKS5_
FNDA:0,_ZStplIcSt11char_traitsIcESaIcEENSt7__cxx1112basic_stringIT_T0_T1_EEOS8_PKS5_
FN:6234,_ZSteqIcEN9__gnu_cxx11__enable_ifIXsrSt9__is_charIT_E7__valueEbE6__typeERKNSt7__cxx1112basic_stringIS3_St11char_traitsIS3_ESaIS3_EEESE_
FNDA:0,_ZSteqIcEN9__gnu_cxx11__enable_ifIXsrSt9__is_charIT_E7__valueEbE6__typeERKNSt7__cxx1112basic_stringIS3_St11char_traitsIS3_ESaIS3_EEESE_
FN:6248,_ZSteqIcSt11char_traitsIcESaIcEEbRKNSt7__cxx1112basic_stringIT_T0_T1_EEPKS5_
FNDA:19,_ZSteqIcSt11char_traitsIcESaIcEEbRKNSt7__cxx1112basic_stringIT_T0_T1_EEPKS5_
FN:6289,_ZSteqIcSt11char_traitsIcESaIcEEbPKT_RKNSt7__cxx1112basic_stringIS3_T0_T1_EE
FNDA:0,_ZSteqIcSt11char_traitsIcESaIcEEbPKT_RKNSt7__cxx1112basic_stringIS3_T0_T1_EE
DA:251,0
DA:255,0
DA:256,0
DA:251,0
DA:255,0
DA:256,0
DA:271,0
DA:274,0
DA:275,0
DA:271,0
DA:274,0
DA:275,0
DA:533,0
DA:534,0
DA:536,0
DA:539,0
DA:540,0
DA:6206,0
DA:6208,0
DA:6234,0
DA:6236,0
DA:6237,0
DA:6238,0
DA:6248,19
DA:6250,19
DA:6289,0
DA:6291,0
end_of_record
SF:/usr/include/c++/11/iostream
end_of_record
SF:/usr/include/c++/11/bits/char_traits.h
FN:106,_ZN9__gnu_cxx11char_traitsIcE2eqERKcS3_
FNDA:0,_ZN9__gnu_cxx11char_traitsIcE2eqERKcS3_
FN:167,_ZN9__gnu_cxx11char_traitsIcE6lengthEPKc
FNDA:0,_ZN9__gnu_cxx11char_traitsIcE6lengthEPKc
FN:364,_ZNSt11char_traitsIcE2ltERKcS2_
FNDA:0,_ZNSt11char_traitsIcE2ltERKcS2_
FN:372,_ZNSt11char_traitsIcE7compareEPKcS2_m
FNDA:0,_ZNSt11char_traitsIcE7compareEPKcS2_m
FN:393,_ZNSt11char_traitsIcE6lengthEPKc
FNDA:0,_ZNSt11char_traitsIcE6lengthEPKc
FN:429,_ZNSt11char_traitsIcE4copyEPcPKcm
FNDA:0,_ZNSt11char_traitsIcE4copyEPcPKcm
DA:106,0
DA:107,0
DA:167,0
DA:170,0
DA:171,0
DA:172,0
DA:173,0
DA:290,0
DA:364,0
DA:367,0
DA:368,0
DA:372,0
DA:374,0
DA:375,0
DA:377,0
DA:379,0
DA:381,0
DA:382,0
DA:383,0
DA:384,0
DA:385,0
DA:386,0
DA:389,0
DA:393,0
DA:396,0
DA:397,0
DA:399,0
DA:429,0
DA:431,0
DA:432,0
DA:437,0
end_of_record
